#
# There is insufficient memory for the Java Runtime Environment to continue.
# Native memory allocation (malloc) failed to allocate 270000 bytes for Chunk::new
# Possible reasons:
#   The system is out of physical RAM or swap space
#   The process is running with CompressedOops enabled, and the Java Heap may be blocking the growth of the native heap
# Possible solutions:
#   Reduce memory load on the system
#   Increase physical memory or swap space
#   Check if swap backing store is full
#   Decrease Java heap size (-Xmx/-Xms)
#   Decrease number of Java threads
#   Decrease Java thread stack sizes (-Xss)
#   Set larger code cache with -XX:ReservedCodeCacheSize=
#   JVM is running with Unscaled Compressed Oops mode in which the Java heap is
#     placed in the first 4GB address space. The Java Heap base address is the
#     maximum limit for the native heap growth. Please use -XX:HeapBaseMinAddress
#     to set the Java Heap base and to place the Java Heap above 4GB virtual address.
# This output file may be truncated or incomplete.
#
#  Out of Memory Error (arena.cpp:189), pid=15464, tid=2564
#
# JRE version: OpenJDK Runtime Environment (17.0.7) (build 17.0.7+0-b2043.56-10550314)
# Java VM: OpenJDK 64-Bit Server VM (17.0.7+0-b2043.56-10550314, mixed mode, tiered, compressed oops, compressed class ptrs, g1 gc, windows-amd64)
# No core dump will be written. Minidumps are not enabled by default on client versions of Windows
#

---------------  S U M M A R Y ------------

Command Line: -Dorg.gradle.appname=gradlew org.gradle.wrapper.GradleWrapperMain -q -Ptarget-platform=android-x64 -Ptarget=C:\src\latihanfirebase\lib\main.dart -Pmultidex-enabled=true -Pbase-application-name=android.app.Application -Pdart-defines=RkxVVFRFUl9XRUJfQVVUT19ERVRFQ1Q9dHJ1ZQ==,RkxVVFRFUl9XRUJfQ0FOVkFTS0lUX1VSTD1odHRwczovL3d3dy5nc3RhdGljLmNvbS9mbHV0dGVyLWNhbnZhc2tpdC8wNDgxN2M5OWM5ZmQ0OTU2ZjI3NTA1MjA0ZjdlMzQ0MzM1ODEwYWVkLw== -Pdart-obfuscation=false -Ptrack-widget-creation=true -Ptree-shake-icons=false -Pfilesystem-scheme=org-dartlang-root assembleDebug

Host: 11th Gen Intel(R) Core(TM) i5-1135G7 @ 2.40GHz, 8 cores, 7G,  Windows 11 , 64 bit Build 22621 (10.0.22621.4391)
Time: Sun Jan 26 09:39:30 2025 Tokyo Standard Time elapsed time: 0.828629 seconds (0d 0h 0m 0s)

---------------  T H R E A D  ---------------

Current thread (0x00000219fc9ece20):  JavaThread "C2 CompilerThread0" daemon [_thread_in_native, id=2564, stack(0x000000ef35c00000,0x000000ef35d00000)]


Current CompileTask:
C2:    829  788   !   4       java.util.zip.ZipFile::getEntry (59 bytes)

Stack: [0x000000ef35c00000,0x000000ef35d00000]
Native frames: (J=compiled Java code, j=interpreted, Vv=VM code, C=native code)
V  [jvm.dll+0x683bfa]
V  [jvm.dll+0x8430a4]
V  [jvm.dll+0x8449be]
V  [jvm.dll+0x845023]
V  [jvm.dll+0x24ad2f]
V  [jvm.dll+0xac25c]
V  [jvm.dll+0xac82c]
V  [jvm.dll+0x36a187]
V  [jvm.dll+0x334821]
V  [jvm.dll+0x333cca]
V  [jvm.dll+0x21d251]
V  [jvm.dll+0x21c671]
V  [jvm.dll+0x1a605d]
V  [jvm.dll+0x22c148]
V  [jvm.dll+0x22a209]
V  [jvm.dll+0x7f858c]
V  [jvm.dll+0x7f2aea]
V  [jvm.dll+0x682a35]
C  [ucrtbase.dll+0x29333]
C  [KERNEL32.DLL+0x1259d]
C  [ntdll.dll+0x5af38]


---------------  P R O C E S S  ---------------

Threads class SMR info:
_java_thread_list=0x00000219fcb34c70, length=12, elements={
0x00000219e2cb3aa0, 0x00000219fc858ea0, 0x00000219fc859760, 0x00000219fc9e87e0,
0x00000219fc9e90a0, 0x00000219fc9e9960, 0x00000219fc9ec230, 0x00000219fc9ece20,
0x00000219fc9ed7d0, 0x00000219fc9ee0d0, 0x00000219fcb55f70, 0x00000219fcb5e450
}

Java Threads: ( => current thread )
  0x00000219e2cb3aa0 JavaThread "main" [_thread_in_vm, id=16404, stack(0x000000ef34f00000,0x000000ef35000000)]
  0x00000219fc858ea0 JavaThread "Reference Handler" daemon [_thread_blocked, id=15380, stack(0x000000ef35600000,0x000000ef35700000)]
  0x00000219fc859760 JavaThread "Finalizer" daemon [_thread_blocked, id=12828, stack(0x000000ef35700000,0x000000ef35800000)]
  0x00000219fc9e87e0 JavaThread "Signal Dispatcher" daemon [_thread_blocked, id=12640, stack(0x000000ef35800000,0x000000ef35900000)]
  0x00000219fc9e90a0 JavaThread "Attach Listener" daemon [_thread_blocked, id=11600, stack(0x000000ef35900000,0x000000ef35a00000)]
  0x00000219fc9e9960 JavaThread "Service Thread" daemon [_thread_blocked, id=11696, stack(0x000000ef35a00000,0x000000ef35b00000)]
  0x00000219fc9ec230 JavaThread "Monitor Deflation Thread" daemon [_thread_blocked, id=12016, stack(0x000000ef35b00000,0x000000ef35c00000)]
=>0x00000219fc9ece20 JavaThread "C2 CompilerThread0" daemon [_thread_in_native, id=2564, stack(0x000000ef35c00000,0x000000ef35d00000)]
  0x00000219fc9ed7d0 JavaThread "C1 CompilerThread0" daemon [_thread_in_native, id=4256, stack(0x000000ef35d00000,0x000000ef35e00000)]
  0x00000219fc9ee0d0 JavaThread "Sweeper thread" daemon [_thread_blocked, id=16272, stack(0x000000ef35e00000,0x000000ef35f00000)]
  0x00000219fcb55f70 JavaThread "Notification Thread" daemon [_thread_blocked, id=4596, stack(0x000000ef35f00000,0x000000ef36000000)]
  0x00000219fcb5e450 JavaThread "Common-Cleaner" daemon [_thread_blocked, id=13144, stack(0x000000ef36100000,0x000000ef36200000)]

Other Threads:
  0x00000219fc8554d0 VMThread "VM Thread" [stack: 0x000000ef35500000,0x000000ef35600000] [id=16780]
  0x00000219e2d36740 WatcherThread [stack: 0x000000ef36000000,0x000000ef36100000] [id=16888]
  0x00000219e2d0c9d0 GCTaskThread "GC Thread#0" [stack: 0x000000ef35000000,0x000000ef35100000] [id=5376]
  0x00000219e2d1cea0 ConcurrentGCThread "G1 Main Marker" [stack: 0x000000ef35100000,0x000000ef35200000] [id=5492]
  0x00000219e2d1d7c0 ConcurrentGCThread "G1 Conc#0" [stack: 0x000000ef35200000,0x000000ef35300000] [id=9684]
  0x00000219fc6ac100 ConcurrentGCThread "G1 Refine#0" [stack: 0x000000ef35300000,0x000000ef35400000] [id=9324]
  0x00000219fc6aca30 ConcurrentGCThread "G1 Service" [stack: 0x000000ef35400000,0x000000ef35500000] [id=12972]

Threads with active compile tasks:
C2 CompilerThread0      844  788   !   4       java.util.zip.ZipFile::getEntry (59 bytes)
C1 CompilerThread0      844  810       3       jdk.internal.org.objectweb.asm.Frame::execute (2305 bytes)

VM state: not at safepoint (normal execution)

VM Mutex/Monitor currently owned by a thread:  ([mutex/lock_event])
[0x00000219e2caecd0] Compile_lock - owner thread: 0x00000219e2cb3aa0

Heap address: 0x0000000084c00000, size: 1972 MB, Compressed Oops mode: 32-bit

CDS archive(s) not mapped
Compressed class space mapped at: 0x0000000100000000-0x0000000140000000, reserved size: 1073741824
Narrow klass base: 0x0000000000000000, Narrow klass shift: 3, Narrow klass range: 0x140000000

GC Precious Log:
 CPUs: 8 total, 8 available
 Memory: 7885M
 Large Page Support: Disabled
 NUMA Support: Disabled
 Compressed Oops: Enabled (32-bit)
 Heap Region Size: 1M
 Heap Min Capacity: 8M
 Heap Initial Capacity: 124M
 Heap Max Capacity: 1972M
 Pre-touch: Disabled
 Parallel Workers: 8
 Concurrent Workers: 2
 Concurrent Refinement Workers: 8
 Periodic GC: Disabled

Heap:
 garbage-first heap   total 126976K, used 23552K [0x0000000084c00000, 0x0000000100000000)
  region size 1024K, 22 young (22528K), 0 survivors (0K)
 Metaspace       used 10992K, committed 11136K, reserved 1114112K
  class space    used 1139K, committed 1216K, reserved 1048576K

Heap Regions: E=young(eden), S=young(survivor), O=old, HS=humongous(starts), HC=humongous(continues), CS=collection set, F=free, OA=open archive, CA=closed archive, TAMS=top-at-mark-start (previous, next)
|   0|0x0000000084c00000, 0x0000000084d00000, 0x0000000084d00000|100%|HS|  |TAMS 0x0000000084c00000, 0x0000000084c00000| Complete 
|   1|0x0000000084d00000, 0x0000000084e00000, 0x0000000084e00000|100%|HC|  |TAMS 0x0000000084d00000, 0x0000000084d00000| Complete 
|   2|0x0000000084e00000, 0x0000000084f00000, 0x0000000084f00000|100%|HC|  |TAMS 0x0000000084e00000, 0x0000000084e00000| Complete 
|   3|0x0000000084f00000, 0x0000000084f00000, 0x0000000085000000|  0%| F|  |TAMS 0x0000000084f00000, 0x0000000084f00000| Untracked 
|   4|0x0000000085000000, 0x0000000085000000, 0x0000000085100000|  0%| F|  |TAMS 0x0000000085000000, 0x0000000085000000| Untracked 
|   5|0x0000000085100000, 0x0000000085100000, 0x0000000085200000|  0%| F|  |TAMS 0x0000000085100000, 0x0000000085100000| Untracked 
|   6|0x0000000085200000, 0x0000000085200000, 0x0000000085300000|  0%| F|  |TAMS 0x0000000085200000, 0x0000000085200000| Untracked 
|   7|0x0000000085300000, 0x0000000085300000, 0x0000000085400000|  0%| F|  |TAMS 0x0000000085300000, 0x0000000085300000| Untracked 
|   8|0x0000000085400000, 0x0000000085400000, 0x0000000085500000|  0%| F|  |TAMS 0x0000000085400000, 0x0000000085400000| Untracked 
|   9|0x0000000085500000, 0x0000000085500000, 0x0000000085600000|  0%| F|  |TAMS 0x0000000085500000, 0x0000000085500000| Untracked 
|  10|0x0000000085600000, 0x0000000085600000, 0x0000000085700000|  0%| F|  |TAMS 0x0000000085600000, 0x0000000085600000| Untracked 
|  11|0x0000000085700000, 0x0000000085700000, 0x0000000085800000|  0%| F|  |TAMS 0x0000000085700000, 0x0000000085700000| Untracked 
|  12|0x0000000085800000, 0x0000000085800000, 0x0000000085900000|  0%| F|  |TAMS 0x0000000085800000, 0x0000000085800000| Untracked 
|  13|0x0000000085900000, 0x0000000085900000, 0x0000000085a00000|  0%| F|  |TAMS 0x0000000085900000, 0x0000000085900000| Untracked 
|  14|0x0000000085a00000, 0x0000000085a00000, 0x0000000085b00000|  0%| F|  |TAMS 0x0000000085a00000, 0x0000000085a00000| Untracked 
|  15|0x0000000085b00000, 0x0000000085b00000, 0x0000000085c00000|  0%| F|  |TAMS 0x0000000085b00000, 0x0000000085b00000| Untracked 
|  16|0x0000000085c00000, 0x0000000085c00000, 0x0000000085d00000|  0%| F|  |TAMS 0x0000000085c00000, 0x0000000085c00000| Untracked 
|  17|0x0000000085d00000, 0x0000000085d00000, 0x0000000085e00000|  0%| F|  |TAMS 0x0000000085d00000, 0x0000000085d00000| Untracked 
|  18|0x0000000085e00000, 0x0000000085e00000, 0x0000000085f00000|  0%| F|  |TAMS 0x0000000085e00000, 0x0000000085e00000| Untracked 
|  19|0x0000000085f00000, 0x0000000085f00000, 0x0000000086000000|  0%| F|  |TAMS 0x0000000085f00000, 0x0000000085f00000| Untracked 
|  20|0x0000000086000000, 0x0000000086000000, 0x0000000086100000|  0%| F|  |TAMS 0x0000000086000000, 0x0000000086000000| Untracked 
|  21|0x0000000086100000, 0x0000000086100000, 0x0000000086200000|  0%| F|  |TAMS 0x0000000086100000, 0x0000000086100000| Untracked 
|  22|0x0000000086200000, 0x0000000086200000, 0x0000000086300000|  0%| F|  |TAMS 0x0000000086200000, 0x0000000086200000| Untracked 
|  23|0x0000000086300000, 0x0000000086300000, 0x0000000086400000|  0%| F|  |TAMS 0x0000000086300000, 0x0000000086300000| Untracked 
|  24|0x0000000086400000, 0x0000000086400000, 0x0000000086500000|  0%| F|  |TAMS 0x0000000086400000, 0x0000000086400000| Untracked 
|  25|0x0000000086500000, 0x0000000086500000, 0x0000000086600000|  0%| F|  |TAMS 0x0000000086500000, 0x0000000086500000| Untracked 
|  26|0x0000000086600000, 0x0000000086600000, 0x0000000086700000|  0%| F|  |TAMS 0x0000000086600000, 0x0000000086600000| Untracked 
|  27|0x0000000086700000, 0x0000000086700000, 0x0000000086800000|  0%| F|  |TAMS 0x0000000086700000, 0x0000000086700000| Untracked 
|  28|0x0000000086800000, 0x0000000086800000, 0x0000000086900000|  0%| F|  |TAMS 0x0000000086800000, 0x0000000086800000| Untracked 
|  29|0x0000000086900000, 0x0000000086900000, 0x0000000086a00000|  0%| F|  |TAMS 0x0000000086900000, 0x0000000086900000| Untracked 
|  30|0x0000000086a00000, 0x0000000086a00000, 0x0000000086b00000|  0%| F|  |TAMS 0x0000000086a00000, 0x0000000086a00000| Untracked 
|  31|0x0000000086b00000, 0x0000000086b00000, 0x0000000086c00000|  0%| F|  |TAMS 0x0000000086b00000, 0x0000000086b00000| Untracked 
|  32|0x0000000086c00000, 0x0000000086c00000, 0x0000000086d00000|  0%| F|  |TAMS 0x0000000086c00000, 0x0000000086c00000| Untracked 
|  33|0x0000000086d00000, 0x0000000086d00000, 0x0000000086e00000|  0%| F|  |TAMS 0x0000000086d00000, 0x0000000086d00000| Untracked 
|  34|0x0000000086e00000, 0x0000000086e00000, 0x0000000086f00000|  0%| F|  |TAMS 0x0000000086e00000, 0x0000000086e00000| Untracked 
|  35|0x0000000086f00000, 0x0000000086f00000, 0x0000000087000000|  0%| F|  |TAMS 0x0000000086f00000, 0x0000000086f00000| Untracked 
|  36|0x0000000087000000, 0x0000000087000000, 0x0000000087100000|  0%| F|  |TAMS 0x0000000087000000, 0x0000000087000000| Untracked 
|  37|0x0000000087100000, 0x0000000087100000, 0x0000000087200000|  0%| F|  |TAMS 0x0000000087100000, 0x0000000087100000| Untracked 
|  38|0x0000000087200000, 0x0000000087200000, 0x0000000087300000|  0%| F|  |TAMS 0x0000000087200000, 0x0000000087200000| Untracked 
|  39|0x0000000087300000, 0x0000000087300000, 0x0000000087400000|  0%| F|  |TAMS 0x0000000087300000, 0x0000000087300000| Untracked 
|  40|0x0000000087400000, 0x0000000087400000, 0x0000000087500000|  0%| F|  |TAMS 0x0000000087400000, 0x0000000087400000| Untracked 
|  41|0x0000000087500000, 0x0000000087500000, 0x0000000087600000|  0%| F|  |TAMS 0x0000000087500000, 0x0000000087500000| Untracked 
|  42|0x0000000087600000, 0x0000000087600000, 0x0000000087700000|  0%| F|  |TAMS 0x0000000087600000, 0x0000000087600000| Untracked 
|  43|0x0000000087700000, 0x0000000087700000, 0x0000000087800000|  0%| F|  |TAMS 0x0000000087700000, 0x0000000087700000| Untracked 
|  44|0x0000000087800000, 0x0000000087800000, 0x0000000087900000|  0%| F|  |TAMS 0x0000000087800000, 0x0000000087800000| Untracked 
|  45|0x0000000087900000, 0x0000000087900000, 0x0000000087a00000|  0%| F|  |TAMS 0x0000000087900000, 0x0000000087900000| Untracked 
|  46|0x0000000087a00000, 0x0000000087a00000, 0x0000000087b00000|  0%| F|  |TAMS 0x0000000087a00000, 0x0000000087a00000| Untracked 
|  47|0x0000000087b00000, 0x0000000087b00000, 0x0000000087c00000|  0%| F|  |TAMS 0x0000000087b00000, 0x0000000087b00000| Untracked 
|  48|0x0000000087c00000, 0x0000000087c00000, 0x0000000087d00000|  0%| F|  |TAMS 0x0000000087c00000, 0x0000000087c00000| Untracked 
|  49|0x0000000087d00000, 0x0000000087d00000, 0x0000000087e00000|  0%| F|  |TAMS 0x0000000087d00000, 0x0000000087d00000| Untracked 
|  50|0x0000000087e00000, 0x0000000087e00000, 0x0000000087f00000|  0%| F|  |TAMS 0x0000000087e00000, 0x0000000087e00000| Untracked 
|  51|0x0000000087f00000, 0x0000000087f00000, 0x0000000088000000|  0%| F|  |TAMS 0x0000000087f00000, 0x0000000087f00000| Untracked 
|  52|0x0000000088000000, 0x0000000088000000, 0x0000000088100000|  0%| F|  |TAMS 0x0000000088000000, 0x0000000088000000| Untracked 
|  53|0x0000000088100000, 0x0000000088100000, 0x0000000088200000|  0%| F|  |TAMS 0x0000000088100000, 0x0000000088100000| Untracked 
|  54|0x0000000088200000, 0x0000000088200000, 0x0000000088300000|  0%| F|  |TAMS 0x0000000088200000, 0x0000000088200000| Untracked 
|  55|0x0000000088300000, 0x0000000088300000, 0x0000000088400000|  0%| F|  |TAMS 0x0000000088300000, 0x0000000088300000| Untracked 
|  56|0x0000000088400000, 0x0000000088400000, 0x0000000088500000|  0%| F|  |TAMS 0x0000000088400000, 0x0000000088400000| Untracked 
|  57|0x0000000088500000, 0x0000000088500000, 0x0000000088600000|  0%| F|  |TAMS 0x0000000088500000, 0x0000000088500000| Untracked 
|  58|0x0000000088600000, 0x0000000088600000, 0x0000000088700000|  0%| F|  |TAMS 0x0000000088600000, 0x0000000088600000| Untracked 
|  59|0x0000000088700000, 0x0000000088700000, 0x0000000088800000|  0%| F|  |TAMS 0x0000000088700000, 0x0000000088700000| Untracked 
|  60|0x0000000088800000, 0x0000000088800000, 0x0000000088900000|  0%| F|  |TAMS 0x0000000088800000, 0x0000000088800000| Untracked 
|  61|0x0000000088900000, 0x0000000088900000, 0x0000000088a00000|  0%| F|  |TAMS 0x0000000088900000, 0x0000000088900000| Untracked 
|  62|0x0000000088a00000, 0x0000000088a00000, 0x0000000088b00000|  0%| F|  |TAMS 0x0000000088a00000, 0x0000000088a00000| Untracked 
|  63|0x0000000088b00000, 0x0000000088b00000, 0x0000000088c00000|  0%| F|  |TAMS 0x0000000088b00000, 0x0000000088b00000| Untracked 
|  64|0x0000000088c00000, 0x0000000088c00000, 0x0000000088d00000|  0%| F|  |TAMS 0x0000000088c00000, 0x0000000088c00000| Untracked 
|  65|0x0000000088d00000, 0x0000000088d00000, 0x0000000088e00000|  0%| F|  |TAMS 0x0000000088d00000, 0x0000000088d00000| Untracked 
|  66|0x0000000088e00000, 0x0000000088e00000, 0x0000000088f00000|  0%| F|  |TAMS 0x0000000088e00000, 0x0000000088e00000| Untracked 
|  67|0x0000000088f00000, 0x0000000088f00000, 0x0000000089000000|  0%| F|  |TAMS 0x0000000088f00000, 0x0000000088f00000| Untracked 
|  68|0x0000000089000000, 0x0000000089000000, 0x0000000089100000|  0%| F|  |TAMS 0x0000000089000000, 0x0000000089000000| Untracked 
|  69|0x0000000089100000, 0x0000000089100000, 0x0000000089200000|  0%| F|  |TAMS 0x0000000089100000, 0x0000000089100000| Untracked 
|  70|0x0000000089200000, 0x0000000089200000, 0x0000000089300000|  0%| F|  |TAMS 0x0000000089200000, 0x0000000089200000| Untracked 
|  71|0x0000000089300000, 0x0000000089300000, 0x0000000089400000|  0%| F|  |TAMS 0x0000000089300000, 0x0000000089300000| Untracked 
|  72|0x0000000089400000, 0x0000000089400000, 0x0000000089500000|  0%| F|  |TAMS 0x0000000089400000, 0x0000000089400000| Untracked 
|  73|0x0000000089500000, 0x0000000089500000, 0x0000000089600000|  0%| F|  |TAMS 0x0000000089500000, 0x0000000089500000| Untracked 
|  74|0x0000000089600000, 0x0000000089600000, 0x0000000089700000|  0%| F|  |TAMS 0x0000000089600000, 0x0000000089600000| Untracked 
|  75|0x0000000089700000, 0x0000000089700000, 0x0000000089800000|  0%| F|  |TAMS 0x0000000089700000, 0x0000000089700000| Untracked 
|  76|0x0000000089800000, 0x0000000089800000, 0x0000000089900000|  0%| F|  |TAMS 0x0000000089800000, 0x0000000089800000| Untracked 
|  77|0x0000000089900000, 0x0000000089900000, 0x0000000089a00000|  0%| F|  |TAMS 0x0000000089900000, 0x0000000089900000| Untracked 
|  78|0x0000000089a00000, 0x0000000089a00000, 0x0000000089b00000|  0%| F|  |TAMS 0x0000000089a00000, 0x0000000089a00000| Untracked 
|  79|0x0000000089b00000, 0x0000000089b00000, 0x0000000089c00000|  0%| F|  |TAMS 0x0000000089b00000, 0x0000000089b00000| Untracked 
|  80|0x0000000089c00000, 0x0000000089c00000, 0x0000000089d00000|  0%| F|  |TAMS 0x0000000089c00000, 0x0000000089c00000| Untracked 
|  81|0x0000000089d00000, 0x0000000089d00000, 0x0000000089e00000|  0%| F|  |TAMS 0x0000000089d00000, 0x0000000089d00000| Untracked 
|  82|0x0000000089e00000, 0x0000000089e00000, 0x0000000089f00000|  0%| F|  |TAMS 0x0000000089e00000, 0x0000000089e00000| Untracked 
|  83|0x0000000089f00000, 0x0000000089f00000, 0x000000008a000000|  0%| F|  |TAMS 0x0000000089f00000, 0x0000000089f00000| Untracked 
|  84|0x000000008a000000, 0x000000008a000000, 0x000000008a100000|  0%| F|  |TAMS 0x000000008a000000, 0x000000008a000000| Untracked 
|  85|0x000000008a100000, 0x000000008a100000, 0x000000008a200000|  0%| F|  |TAMS 0x000000008a100000, 0x000000008a100000| Untracked 
|  86|0x000000008a200000, 0x000000008a200000, 0x000000008a300000|  0%| F|  |TAMS 0x000000008a200000, 0x000000008a200000| Untracked 
|  87|0x000000008a300000, 0x000000008a300000, 0x000000008a400000|  0%| F|  |TAMS 0x000000008a300000, 0x000000008a300000| Untracked 
|  88|0x000000008a400000, 0x000000008a400000, 0x000000008a500000|  0%| F|  |TAMS 0x000000008a400000, 0x000000008a400000| Untracked 
|  89|0x000000008a500000, 0x000000008a500000, 0x000000008a600000|  0%| F|  |TAMS 0x000000008a500000, 0x000000008a500000| Untracked 
|  90|0x000000008a600000, 0x000000008a600000, 0x000000008a700000|  0%| F|  |TAMS 0x000000008a600000, 0x000000008a600000| Untracked 
|  91|0x000000008a700000, 0x000000008a700000, 0x000000008a800000|  0%| F|  |TAMS 0x000000008a700000, 0x000000008a700000| Untracked 
|  92|0x000000008a800000, 0x000000008a800000, 0x000000008a900000|  0%| F|  |TAMS 0x000000008a800000, 0x000000008a800000| Untracked 
|  93|0x000000008a900000, 0x000000008a900000, 0x000000008aa00000|  0%| F|  |TAMS 0x000000008a900000, 0x000000008a900000| Untracked 
|  94|0x000000008aa00000, 0x000000008aa00000, 0x000000008ab00000|  0%| F|  |TAMS 0x000000008aa00000, 0x000000008aa00000| Untracked 
|  95|0x000000008ab00000, 0x000000008ab00000, 0x000000008ac00000|  0%| F|  |TAMS 0x000000008ab00000, 0x000000008ab00000| Untracked 
|  96|0x000000008ac00000, 0x000000008ac00000, 0x000000008ad00000|  0%| F|  |TAMS 0x000000008ac00000, 0x000000008ac00000| Untracked 
|  97|0x000000008ad00000, 0x000000008ad00000, 0x000000008ae00000|  0%| F|  |TAMS 0x000000008ad00000, 0x000000008ad00000| Untracked 
|  98|0x000000008ae00000, 0x000000008ae00000, 0x000000008af00000|  0%| F|  |TAMS 0x000000008ae00000, 0x000000008ae00000| Untracked 
|  99|0x000000008af00000, 0x000000008af00000, 0x000000008b000000|  0%| F|  |TAMS 0x000000008af00000, 0x000000008af00000| Untracked 
| 100|0x000000008b000000, 0x000000008b000000, 0x000000008b100000|  0%| F|  |TAMS 0x000000008b000000, 0x000000008b000000| Untracked 
| 101|0x000000008b100000, 0x000000008b100000, 0x000000008b200000|  0%| F|  |TAMS 0x000000008b100000, 0x000000008b100000| Untracked 
| 102|0x000000008b200000, 0x000000008b2ec0a0, 0x000000008b300000| 92%| E|  |TAMS 0x000000008b200000, 0x000000008b200000| Complete 
| 103|0x000000008b300000, 0x000000008b400000, 0x000000008b400000|100%| E|CS|TAMS 0x000000008b300000, 0x000000008b300000| Complete 
| 104|0x000000008b400000, 0x000000008b500000, 0x000000008b500000|100%| E|CS|TAMS 0x000000008b400000, 0x000000008b400000| Complete 
| 105|0x000000008b500000, 0x000000008b600000, 0x000000008b600000|100%| E|CS|TAMS 0x000000008b500000, 0x000000008b500000| Complete 
| 106|0x000000008b600000, 0x000000008b700000, 0x000000008b700000|100%| E|CS|TAMS 0x000000008b600000, 0x000000008b600000| Complete 
| 107|0x000000008b700000, 0x000000008b800000, 0x000000008b800000|100%| E|CS|TAMS 0x000000008b700000, 0x000000008b700000| Complete 
| 108|0x000000008b800000, 0x000000008b900000, 0x000000008b900000|100%| E|CS|TAMS 0x000000008b800000, 0x000000008b800000| Complete 
| 109|0x000000008b900000, 0x000000008ba00000, 0x000000008ba00000|100%| E|CS|TAMS 0x000000008b900000, 0x000000008b900000| Complete 
| 110|0x000000008ba00000, 0x000000008bb00000, 0x000000008bb00000|100%| E|CS|TAMS 0x000000008ba00000, 0x000000008ba00000| Complete 
| 111|0x000000008bb00000, 0x000000008bc00000, 0x000000008bc00000|100%| E|CS|TAMS 0x000000008bb00000, 0x000000008bb00000| Complete 
| 112|0x000000008bc00000, 0x000000008bd00000, 0x000000008bd00000|100%| E|  |TAMS 0x000000008bc00000, 0x000000008bc00000| Complete 
| 113|0x000000008bd00000, 0x000000008be00000, 0x000000008be00000|100%| E|CS|TAMS 0x000000008bd00000, 0x000000008bd00000| Complete 
| 114|0x000000008be00000, 0x000000008bf00000, 0x000000008bf00000|100%| E|CS|TAMS 0x000000008be00000, 0x000000008be00000| Complete 
| 115|0x000000008bf00000, 0x000000008c000000, 0x000000008c000000|100%| E|CS|TAMS 0x000000008bf00000, 0x000000008bf00000| Complete 
| 116|0x000000008c000000, 0x000000008c100000, 0x000000008c100000|100%| E|CS|TAMS 0x000000008c000000, 0x000000008c000000| Complete 
| 117|0x000000008c100000, 0x000000008c200000, 0x000000008c200000|100%| E|CS|TAMS 0x000000008c100000, 0x000000008c100000| Complete 
| 118|0x000000008c200000, 0x000000008c300000, 0x000000008c300000|100%| E|CS|TAMS 0x000000008c200000, 0x000000008c200000| Complete 
| 119|0x000000008c300000, 0x000000008c400000, 0x000000008c400000|100%| E|CS|TAMS 0x000000008c300000, 0x000000008c300000| Complete 
| 120|0x000000008c400000, 0x000000008c500000, 0x000000008c500000|100%| E|CS|TAMS 0x000000008c400000, 0x000000008c400000| Complete 
| 121|0x000000008c500000, 0x000000008c600000, 0x000000008c600000|100%| E|CS|TAMS 0x000000008c500000, 0x000000008c500000| Complete 
| 122|0x000000008c600000, 0x000000008c700000, 0x000000008c700000|100%| E|CS|TAMS 0x000000008c600000, 0x000000008c600000| Complete 
| 123|0x000000008c700000, 0x000000008c800000, 0x000000008c800000|100%| E|CS|TAMS 0x000000008c700000, 0x000000008c700000| Complete 

Card table byte_map: [0x00000219f58a0000,0x00000219f5c80000] _byte_map_base: 0x00000219f547a000

Marking Bits (Prev, Next): (CMBitMap*) 0x00000219e2d0cef0, (CMBitMap*) 0x00000219e2d0cf30
 Prev Bits: [0x00000219f6060000, 0x00000219f7f30000)
 Next Bits: [0x00000219f7f30000, 0x00000219f9e00000)

Polling page: 0x00000219e0be0000

Metaspace:

Usage:
  Non-class:      9.64 MB used.
      Class:      1.12 MB used.
       Both:     10.76 MB used.

Virtual space:
  Non-class space:       64.00 MB reserved,       9.75 MB ( 15%) committed,  1 nodes.
      Class space:        1.00 GB reserved,       1.19 MB ( <1%) committed,  1 nodes.
             Both:        1.06 GB reserved,      10.94 MB (  1%) committed. 

Chunk freelists:
   Non-Class:  6.25 MB
       Class:  14.63 MB
        Both:  20.88 MB

MaxMetaspaceSize: unlimited
CompressedClassSpaceSize: 1.00 GB
Initial GC threshold: 21.00 MB
Current GC threshold: 21.00 MB
CDS: off
MetaspaceReclaimPolicy: balanced
 - commit_granule_bytes: 65536.
 - commit_granule_words: 8192.
 - virtual_space_node_default_size: 8388608.
 - enlarge_chunks_in_place: 1.
 - new_chunks_are_fully_committed: 0.
 - uncommit_free_chunks: 1.
 - use_allocation_guard: 0.
 - handle_deallocations: 1.


Internal statistics:

num_allocs_failed_limit: 0.
num_arena_births: 38.
num_arena_deaths: 0.
num_vsnodes_births: 2.
num_vsnodes_deaths: 0.
num_space_committed: 175.
num_space_uncommitted: 0.
num_chunks_returned_to_freelist: 0.
num_chunks_taken_from_freelist: 140.
num_chunk_merges: 0.
num_chunk_splits: 83.
num_chunks_enlarged: 69.
num_inconsistent_stats: 0.

CodeHeap 'non-profiled nmethods': size=120000Kb used=284Kb max_used=284Kb free=119715Kb
 bounds [0x00000219edc50000, 0x00000219edec0000, 0x00000219f5180000]
CodeHeap 'profiled nmethods': size=120000Kb used=1538Kb max_used=1538Kb free=118461Kb
 bounds [0x00000219e6180000, 0x00000219e63f0000, 0x00000219ed6b0000]
CodeHeap 'non-nmethods': size=5760Kb used=1136Kb max_used=1154Kb free=4623Kb
 bounds [0x00000219ed6b0000, 0x00000219ed920000, 0x00000219edc50000]
 total_blobs=1236 nmethods=827 adapters=322
 compilation: enabled
              stopped_count=0, restarted_count=0
 full_count=0

Compilation events (20 events):
Event: 0.813 Thread 0x00000219fc9ed7d0  786       3       java.lang.ClassLoader::postDefineClass (39 bytes)
Event: 0.814 Thread 0x00000219fc9ed7d0 nmethod 786 0x00000219e62e4990 code [0x00000219e62e4b80, 0x00000219e62e4e98]
Event: 0.815 Thread 0x00000219fc9ed7d0  787       1       org.gradle.internal.buildoption.AbstractBuildOption::getGradleProperty (5 bytes)
Event: 0.815 Thread 0x00000219fc9ed7d0 nmethod 787 0x00000219edc93590 code [0x00000219edc93720, 0x00000219edc937f8]
Event: 0.819 Thread 0x00000219fc9ece20 nmethod 772 0x00000219edc93890 code [0x00000219edc93a60, 0x00000219edc93f88]
Event: 0.819 Thread 0x00000219fc9ece20  788   !   4       java.util.zip.ZipFile::getEntry (59 bytes)
Event: 0.822 Thread 0x00000219fc9ed7d0  789       3       java.util.jar.Manifest$FastInputStream::readLine (9 bytes)
Event: 0.822 Thread 0x00000219fc9ed7d0 nmethod 789 0x00000219e62e5010 code [0x00000219e62e51c0, 0x00000219e62e5308]
Event: 0.822 Thread 0x00000219fc9ed7d0  791   !   3       sun.nio.fs.WindowsPath::initOffsets (153 bytes)
Event: 0.824 Thread 0x00000219fc9ed7d0 nmethod 791 0x00000219e62e5410 code [0x00000219e62e5800, 0x00000219e62e7a18]
Event: 0.825 Thread 0x00000219fc9ed7d0  792       3       java.lang.invoke.Invokers$Holder::linkToTargetMethod (8 bytes)
Event: 0.825 Thread 0x00000219fc9ed7d0 nmethod 792 0x00000219e62e8790 code [0x00000219e62e8940, 0x00000219e62e8c18]
Event: 0.825 Thread 0x00000219fc9ed7d0  793       3       java.lang.invoke.LambdaForm$MH/0x00000001000c0000::invoke (8 bytes)
Event: 0.825 Thread 0x00000219fc9ed7d0 nmethod 793 0x00000219e62e8d10 code [0x00000219e62e8ea0, 0x00000219e62e90d8]
Event: 0.825 Thread 0x00000219fc9ed7d0  794       3       jdk.internal.jimage.ImageStringsReader::hashCode (33 bytes)
Event: 0.825 Thread 0x00000219fc9ed7d0 nmethod 794 0x00000219e62e9190 code [0x00000219e62e9340, 0x00000219e62e94b8]
Event: 0.825 Thread 0x00000219fc9ed7d0  796       3       java.util.concurrent.ConcurrentHashMap$BaseIterator::hasNext (13 bytes)
Event: 0.825 Thread 0x00000219fc9ed7d0 nmethod 796 0x00000219e62e9590 code [0x00000219e62e9720, 0x00000219e62e9898]
Event: 0.825 Thread 0x00000219fc9ed7d0  795       3       java.util.Optional::empty (6 bytes)
Event: 0.825 Thread 0x00000219fc9ed7d0 nmethod 795 0x00000219e62e9910 code [0x00000219e62e9aa0, 0x00000219e62e9b98]

GC Heap History (0 events):
No events

Dll operation events (2 events):
Event: 0.008 Loaded shared library C:\Program Files\Android\Android Studio\jbr\bin\java.dll
Event: 0.127 Loaded shared library C:\Program Files\Android\Android Studio\jbr\bin\verify.dll

Deoptimization events (20 events):
Event: 0.804 Thread 0x00000219e2cb3aa0 Uncommon trap: trap_request=0xffffff45 fr.pc=0x00000219edc6bdb8 relative=0x0000000000000198
Event: 0.804 Thread 0x00000219e2cb3aa0 Uncommon trap: reason=unstable_if action=reinterpret pc=0x00000219edc6bdb8 method=java.util.regex.Matcher.reset()Ljava/util/regex/Matcher; @ 47 c2
Event: 0.804 Thread 0x00000219e2cb3aa0 DEOPT PACKING pc=0x00000219edc6bdb8 sp=0x000000ef34ffd3d0
Event: 0.804 Thread 0x00000219e2cb3aa0 DEOPT UNPACKING pc=0x00000219ed70a1a3 sp=0x000000ef34ffd358 mode 2
Event: 0.804 Thread 0x00000219e2cb3aa0 Uncommon trap: trap_request=0xffffffde fr.pc=0x00000219edc6b4ec relative=0x000000000000038c
Event: 0.804 Thread 0x00000219e2cb3aa0 Uncommon trap: reason=class_check action=maybe_recompile pc=0x00000219edc6b4ec method=java.util.regex.Matcher.match(II)Z @ 121 c2
Event: 0.804 Thread 0x00000219e2cb3aa0 DEOPT PACKING pc=0x00000219edc6b4ec sp=0x000000ef34ffd420
Event: 0.804 Thread 0x00000219e2cb3aa0 DEOPT UNPACKING pc=0x00000219ed70a1a3 sp=0x000000ef34ffd3c8 mode 2
Event: 0.804 Thread 0x00000219e2cb3aa0 Uncommon trap: trap_request=0xffffffde fr.pc=0x00000219edc6b4ec relative=0x000000000000038c
Event: 0.804 Thread 0x00000219e2cb3aa0 Uncommon trap: reason=class_check action=maybe_recompile pc=0x00000219edc6b4ec method=java.util.regex.Matcher.match(II)Z @ 121 c2
Event: 0.804 Thread 0x00000219e2cb3aa0 DEOPT PACKING pc=0x00000219edc6b4ec sp=0x000000ef34ffd420
Event: 0.804 Thread 0x00000219e2cb3aa0 DEOPT UNPACKING pc=0x00000219ed70a1a3 sp=0x000000ef34ffd3c8 mode 2
Event: 0.805 Thread 0x00000219e2cb3aa0 Uncommon trap: trap_request=0xffffffde fr.pc=0x00000219edc6b4ec relative=0x000000000000038c
Event: 0.805 Thread 0x00000219e2cb3aa0 Uncommon trap: reason=class_check action=maybe_recompile pc=0x00000219edc6b4ec method=java.util.regex.Matcher.match(II)Z @ 121 c2
Event: 0.805 Thread 0x00000219e2cb3aa0 DEOPT PACKING pc=0x00000219edc6b4ec sp=0x000000ef34ffd2a0
Event: 0.805 Thread 0x00000219e2cb3aa0 DEOPT UNPACKING pc=0x00000219ed70a1a3 sp=0x000000ef34ffd248 mode 2
Event: 0.805 Thread 0x00000219e2cb3aa0 Uncommon trap: trap_request=0xffffffde fr.pc=0x00000219edc6b4ec relative=0x000000000000038c
Event: 0.805 Thread 0x00000219e2cb3aa0 Uncommon trap: reason=class_check action=maybe_recompile pc=0x00000219edc6b4ec method=java.util.regex.Matcher.match(II)Z @ 121 c2
Event: 0.805 Thread 0x00000219e2cb3aa0 DEOPT PACKING pc=0x00000219edc6b4ec sp=0x000000ef34ffd2a0
Event: 0.805 Thread 0x00000219e2cb3aa0 DEOPT UNPACKING pc=0x00000219ed70a1a3 sp=0x000000ef34ffd248 mode 2

Classes unloaded (0 events):
No events

Classes redefined (0 events):
No events

Internal exceptions (2 events):
Event: 0.308 Thread 0x00000219e2cb3aa0 Exception <a 'java/lang/NoSuchMethodError'{0x000000008c42a5a0}: 'int java.lang.invoke.DirectMethodHandle$Holder.invokeStaticInit(java.lang.Object, java.lang.Object)'> (0x000000008c42a5a0) 
thrown [s\src\hotspot\share\interpreter\linkResolver.cpp, line 771]
Event: 0.810 Thread 0x00000219e2cb3aa0 Exception <a 'java/lang/NoSuchMethodError'{0x000000008b353340}: 'void java.lang.invoke.DirectMethodHandle$Holder.invokeStatic(java.lang.Object, java.lang.Object)'> (0x000000008b353340) 
thrown [s\src\hotspot\share\interpreter\linkResolver.cpp, line 771]

VM Operations (4 events):
Event: 0.121 Executing VM operation: HandshakeAllThreads
Event: 0.121 Executing VM operation: HandshakeAllThreads done
Event: 0.726 Executing VM operation: HandshakeAllThreads
Event: 0.726 Executing VM operation: HandshakeAllThreads done

Events (20 events):
Event: 0.818 loading class sun/reflect/generics/reflectiveObjects/LazyReflectiveObjectGenerator done
Event: 0.818 loading class sun/reflect/generics/reflectiveObjects/TypeVariableImpl done
Event: 0.818 loading class java/lang/reflect/WildcardType
Event: 0.818 loading class java/lang/reflect/WildcardType done
Event: 0.820 loading class java/util/MissingResourceException
Event: 0.820 loading class java/util/MissingResourceException done
Event: 0.821 loading class java/util/logging/ErrorManager
Event: 0.821 loading class java/util/logging/ErrorManager done
Event: 0.822 loading class java/io/StringWriter
Event: 0.823 loading class java/io/StringWriter done
Event: 0.824 loading class java/text/ParseException
Event: 0.824 loading class java/text/ParseException done
Event: 0.824 loading class java/util/regex/Pattern$Curly
Event: 0.824 loading class java/util/regex/Pattern$Curly done
Event: 0.824 loading class java/util/regex/Pattern$Loop
Event: 0.824 loading class java/util/regex/Pattern$Loop done
Event: 0.825 loading class java/util/regex/Pattern$Prolog
Event: 0.825 loading class java/util/regex/Pattern$Prolog done
Event: 0.825 loading class java/net/URLClassLoader$2
Event: 0.825 loading class java/net/URLClassLoader$2 done


Dynamic libraries:
0x00007ff77ad90000 - 0x00007ff77ad9a000 	C:\Program Files\Android\Android Studio\jbr\bin\java.exe
0x00007ff95ff30000 - 0x00007ff960147000 	C:\WINDOWS\SYSTEM32\ntdll.dll
0x00007ff95f540000 - 0x00007ff95f604000 	C:\WINDOWS\System32\KERNEL32.DLL
0x00007ff95d320000 - 0x00007ff95d6da000 	C:\WINDOWS\System32\KERNELBASE.dll
0x00007ff95d200000 - 0x00007ff95d311000 	C:\WINDOWS\System32\ucrtbase.dll
0x00007ff914830000 - 0x00007ff91484b000 	C:\Program Files\Android\Android Studio\jbr\bin\VCRUNTIME140.dll
0x00007ff914850000 - 0x00007ff914867000 	C:\Program Files\Android\Android Studio\jbr\bin\jli.dll
0x00007ff95fc20000 - 0x00007ff95fdce000 	C:\WINDOWS\System32\USER32.dll
0x00007ff953020000 - 0x00007ff9532b2000 	C:\WINDOWS\WinSxS\amd64_microsoft.windows.common-controls_6595b64144ccf1df_6.0.22621.4541_none_2710d1c57384c085\COMCTL32.dll
0x00007ff95d950000 - 0x00007ff95d976000 	C:\WINDOWS\System32\win32u.dll
0x00007ff95fe40000 - 0x00007ff95fee7000 	C:\WINDOWS\System32\msvcrt.dll
0x00007ff95f510000 - 0x00007ff95f539000 	C:\WINDOWS\System32\GDI32.dll
0x00007ff95d830000 - 0x00007ff95d94b000 	C:\WINDOWS\System32\gdi32full.dll
0x00007ff95d6e0000 - 0x00007ff95d77a000 	C:\WINDOWS\System32\msvcp_win.dll
0x00007ff95e2e0000 - 0x00007ff95e311000 	C:\WINDOWS\System32\IMM32.DLL
0x00007ff93b880000 - 0x00007ff93b88c000 	C:\Program Files\Android\Android Studio\jbr\bin\vcruntime140_1.dll
0x00007ff9147a0000 - 0x00007ff91482d000 	C:\Program Files\Android\Android Studio\jbr\bin\msvcp140.dll
0x00007ff913b20000 - 0x00007ff9147a0000 	C:\Program Files\Android\Android Studio\jbr\bin\server\jvm.dll
0x00007ff95e320000 - 0x00007ff95e3d2000 	C:\WINDOWS\System32\ADVAPI32.dll
0x00007ff95f8f0000 - 0x00007ff95f997000 	C:\WINDOWS\System32\sechost.dll
0x00007ff95d800000 - 0x00007ff95d828000 	C:\WINDOWS\System32\bcrypt.dll
0x00007ff95e0b0000 - 0x00007ff95e1c4000 	C:\WINDOWS\System32\RPCRT4.dll
0x00007ff958090000 - 0x00007ff9580c4000 	C:\WINDOWS\SYSTEM32\WINMM.dll
0x00007ff957990000 - 0x00007ff95799a000 	C:\WINDOWS\SYSTEM32\VERSION.dll
0x00007ff9429b0000 - 0x00007ff9429b9000 	C:\WINDOWS\SYSTEM32\WSOCK32.dll
0x00007ff95ec10000 - 0x00007ff95ec81000 	C:\WINDOWS\System32\WS2_32.dll
0x00007ff95c2b0000 - 0x00007ff95c2c8000 	C:\WINDOWS\SYSTEM32\kernel.appcore.dll
0x00007ff936e50000 - 0x00007ff936e5a000 	C:\Program Files\Android\Android Studio\jbr\bin\jimage.dll
0x00007ff955380000 - 0x00007ff9555b2000 	C:\WINDOWS\SYSTEM32\DBGHELP.DLL
0x00007ff95e880000 - 0x00007ff95ec0f000 	C:\WINDOWS\System32\combase.dll
0x00007ff95e510000 - 0x00007ff95e5e7000 	C:\WINDOWS\System32\OLEAUT32.dll
0x00007ff955340000 - 0x00007ff955372000 	C:\WINDOWS\SYSTEM32\dbgcore.DLL
0x00007ff95dbb0000 - 0x00007ff95dc2b000 	C:\WINDOWS\System32\bcryptPrimitives.dll
0x00007ff913af0000 - 0x00007ff913b15000 	C:\Program Files\Android\Android Studio\jbr\bin\java.dll
0x00007ff913ad0000 - 0x00007ff913ae8000 	C:\Program Files\Android\Android Studio\jbr\bin\zip.dll
0x00007ff95ec90000 - 0x00007ff95f508000 	C:\WINDOWS\System32\SHELL32.dll
0x00007ff95b140000 - 0x00007ff95ba48000 	C:\WINDOWS\SYSTEM32\windows.storage.dll
0x00007ff95b000000 - 0x00007ff95b13f000 	C:\WINDOWS\SYSTEM32\wintypes.dll
0x00007ff95e1e0000 - 0x00007ff95e2da000 	C:\WINDOWS\System32\SHCORE.dll
0x00007ff95fde0000 - 0x00007ff95fe3e000 	C:\WINDOWS\System32\shlwapi.dll
0x00007ff95d130000 - 0x00007ff95d15b000 	C:\WINDOWS\SYSTEM32\profapi.dll
0x00007ff913ab0000 - 0x00007ff913ac9000 	C:\Program Files\Android\Android Studio\jbr\bin\net.dll
0x00007ff959350000 - 0x00007ff959486000 	C:\WINDOWS\SYSTEM32\WINHTTP.dll
0x00007ff95c7b0000 - 0x00007ff95c819000 	C:\WINDOWS\system32\mswsock.dll
0x00007ff913a90000 - 0x00007ff913aa6000 	C:\Program Files\Android\Android Studio\jbr\bin\nio.dll
0x00007ff935b20000 - 0x00007ff935b30000 	C:\Program Files\Android\Android Studio\jbr\bin\verify.dll

dbghelp: loaded successfully - version: 4.0.5 - missing functions: none
symbol engine: initialized successfully - sym options: 0x614 - pdb path: .;C:\Program Files\Android\Android Studio\jbr\bin;C:\WINDOWS\SYSTEM32;C:\WINDOWS\WinSxS\amd64_microsoft.windows.common-controls_6595b64144ccf1df_6.0.22621.4541_none_2710d1c57384c085;C:\Program Files\Android\Android Studio\jbr\bin\server

VM Arguments:
jvm_args: -Dorg.gradle.appname=gradlew 
java_command: org.gradle.wrapper.GradleWrapperMain -q -Ptarget-platform=android-x64 -Ptarget=C:\src\latihanfirebase\lib\main.dart -Pmultidex-enabled=true -Pbase-application-name=android.app.Application -Pdart-defines=RkxVVFRFUl9XRUJfQVVUT19ERVRFQ1Q9dHJ1ZQ==,RkxVVFRFUl9XRUJfQ0FOVkFTS0lUX1VSTD1odHRwczovL3d3dy5nc3RhdGljLmNvbS9mbHV0dGVyLWNhbnZhc2tpdC8wNDgxN2M5OWM5ZmQ0OTU2ZjI3NTA1MjA0ZjdlMzQ0MzM1ODEwYWVkLw== -Pdart-obfuscation=false -Ptrack-widget-creation=true -Ptree-shake-icons=false -Pfilesystem-scheme=org-dartlang-root assembleDebug
java_class_path (initial): C:\src\latihanfirebase\android\\gradle\wrapper\gradle-wrapper.jar
Launcher Type: SUN_STANDARD

[Global flags]
     intx CICompilerCount                          = 4                                         {product} {ergonomic}
     uint ConcGCThreads                            = 2                                         {product} {ergonomic}
     uint G1ConcRefinementThreads                  = 8                                         {product} {ergonomic}
   size_t G1HeapRegionSize                         = 1048576                                   {product} {ergonomic}
    uintx GCDrainStackTargetSize                   = 64                                        {product} {ergonomic}
   size_t InitialHeapSize                          = 130023424                                 {product} {ergonomic}
   size_t MarkStackSize                            = 4194304                                   {product} {ergonomic}
   size_t MaxHeapSize                              = 2067791872                                {product} {ergonomic}
   size_t MaxNewSize                               = 1240465408                                {product} {ergonomic}
   size_t MinHeapDeltaBytes                        = 1048576                                   {product} {ergonomic}
   size_t MinHeapSize                              = 8388608                                   {product} {ergonomic}
    uintx NonNMethodCodeHeapSize                   = 5839372                                {pd product} {ergonomic}
    uintx NonProfiledCodeHeapSize                  = 122909434                              {pd product} {ergonomic}
    uintx ProfiledCodeHeapSize                     = 122909434                              {pd product} {ergonomic}
    uintx ReservedCodeCacheSize                    = 251658240                              {pd product} {ergonomic}
     bool SegmentedCodeCache                       = true                                      {product} {ergonomic}
   size_t SoftMaxHeapSize                          = 2067791872                             {manageable} {ergonomic}
     bool UseCompressedClassPointers               = true                           {product lp64_product} {ergonomic}
     bool UseCompressedOops                        = true                           {product lp64_product} {ergonomic}
     bool UseG1GC                                  = true                                      {product} {ergonomic}
     bool UseLargePagesIndividualAllocation        = false                                  {pd product} {ergonomic}

Logging:
Log output configuration:
 #0: stdout all=warning uptime,level,tags
 #1: stderr all=off uptime,level,tags

Environment Variables:
JAVA_HOME=C:\Program Files\Android\Android Studio\jbr
CLASSPATH=C:\src\latihanfirebase\android\\gradle\wrapper\gradle-wrapper.jar
PATH=C:\Program Files\Android\Android Studio\jbr\bin;C:\src\flutter\bin\;C:\Program Files\Common Files\Oracle\Java\javapath;C:\WINDOWS\system32;C:\WINDOWS;C:\WINDOWS\System32\Wbem;C:\WINDOWS\System32\WindowsPowerShell\v1.0\;C:\WINDOWS\System32\OpenSSH\;C:\ProgramData\ComposerSetup\bin;C:\xampp\php-7.4;C:\Program Files\Git\cmd;C:\Program Files (x86)\Windows Kits\10\Windows Performance Toolkit\;C:\src\flutter\bin;C:\Program Files\nodejs\;C:\Users\vivob\AppData\Local\Programs\Python\Python313\Scripts\;C:\Users\vivob\AppData\Local\Programs\Python\Python313\;C:\Users\vivob\AppData\Local\Programs\Python\Python312\Scripts\;C:\Users\vivob\AppData\Local\Programs\Python\Python312\;C:\Users\vivob\AppData\Local\Programs\Python\Python311\Scripts\;C:\Users\vivob\AppData\Local\Programs\Python\Python311\;C:\Users\vivob\AppData\Local\Microsoft\WindowsApps;C:\Users\vivob\AppData\Roaming\Composer\vendor\bin;C:\laragon\bin\php\php-8.1.10-Win32-vs16-x64;C:\Users\vivob\AppData\Local\Programs\Microsoft VS Code\bin;C:\src\flutter\bin;C:\Users\vivob\AppData\Roaming\Composer\vendor\bin;C:\Users\vivob\AppData\Roaming\npm;C:\Users\vivob\AppData\Roaming\npm;C:\Users\vivob\AppData\Local\Pub\Cache\bin;;C:\src\flutter\bin\mingit\cmd
USERNAME=vivob
LANG=en_US.UTF-8
OS=Windows_NT
PROCESSOR_IDENTIFIER=Intel64 Family 6 Model 140 Stepping 1, GenuineIntel
TMP=C:\Users\vivob\AppData\Local\Temp
TEMP=C:\Users\vivob\AppData\Local\Temp


JNI global refs:
JNI global refs: 8, weak refs: 0

JNI global refs memory usage: 843, weak refs: 841

OOME stack traces (most recent first):
Classloader memory used:
Loader bootstrap                                                                       : 1180K
Loader org.gradle.internal.classloader.VisitableURLClassLoader                         : 158K
Loader java.net.URLClassLoader                                                         : 26123B
Loader jdk.internal.loader.ClassLoaders$AppClassLoader                                 : 18431B

Classes loaded by more than one classloader:
Class org.gradle.internal.installation.GradleInstallation                             : loaded 2 times (x 73B)
Class org.gradle.cli.ParsedCommandLine                                                : loaded 2 times (x 78B)
Class org.gradle.api.Action                                                           : loaded 2 times (x 68B)
Class org.gradle.cli.CommandLineParser$OptionString                                   : loaded 2 times (x 71B)
Class org.gradle.internal.installation.GradleInstallation$1                           : loaded 2 times (x 73B)
Class org.gradle.cli.CommandLineParser$AfterOptions                                   : loaded 2 times (x 75B)
Class org.gradle.cli.CommandLineParser$AfterFirstSubCommand                           : loaded 2 times (x 75B)
Class org.gradle.internal.service.UnknownServiceException                             : loaded 2 times (x 81B)
Class org.gradle.api.GradleException                                                  : loaded 2 times (x 80B)
Class org.gradle.cli.CommandLineParser$KnownOptionParserState                         : loaded 2 times (x 74B)
Class org.gradle.cli.AbstractPropertiesCommandLineConverter                           : loaded 2 times (x 81B)
Class org.gradle.api.specs.Spec                                                       : loaded 2 times (x 68B)
Class org.gradle.cli.SystemPropertiesCommandLineConverter                             : loaded 2 times (x 81B)
Class org.gradle.internal.IoActions                                                   : loaded 2 times (x 69B)
Class org.gradle.internal.installation.CurrentGradleInstallation                      : loaded 2 times (x 71B)
Class org.gradle.internal.installation.CurrentGradleInstallationLocator               : loaded 2 times (x 69B)
Class org.gradle.api.Transformer                                                      : loaded 2 times (x 68B)
Class org.gradle.cli.CommandLineParser                                                : loaded 2 times (x 77B)
Class org.gradle.cli.CommandLineParser$BeforeFirstSubCommand                          : loaded 2 times (x 75B)
Class org.gradle.cli.CommandLineOption                                                : loaded 2 times (x 84B)
Class org.gradle.cli.CommandLineParser$ParserState                                    : loaded 2 times (x 74B)
Class org.gradle.cli.CommandLineParser$MissingOptionArgState                          : loaded 2 times (x 75B)
Class org.gradle.api.UncheckedIOException                                             : loaded 2 times (x 80B)
Class org.gradle.cli.ParsedCommandLineOption                                          : loaded 2 times (x 74B)
Class org.gradle.internal.classloader.ClasspathUtil                                   : loaded 2 times (x 69B)
Class org.gradle.cli.CommandLineParser$UnknownOptionParserState                       : loaded 2 times (x 74B)
Class org.gradle.internal.service.ServiceLookupException                              : loaded 2 times (x 80B)
Class org.gradle.cli.CommandLineParser$OptionAwareParserState                         : loaded 2 times (x 75B)
Class org.gradle.cli.CommandLineParser$OptionParserState                              : loaded 2 times (x 73B)
Class org.gradle.internal.Cast                                                        : loaded 2 times (x 69B)
Class org.gradle.cli.CommandLineConverter                                             : loaded 2 times (x 68B)
Class org.gradle.cli.AbstractCommandLineConverter                                     : loaded 2 times (x 77B)
Class org.gradle.cli.CommandLineArgumentException                                     : loaded 2 times (x 80B)


---------------  S Y S T E M  ---------------

OS:
 Windows 11 , 64 bit Build 22621 (10.0.22621.4391)
OS uptime: 0 days 0:32 hours

CPU: total 8 (initial active 8) (4 cores per cpu, 2 threads per core) family 6 model 140 stepping 1 microcode 0x86, cx8, cmov, fxsr, ht, mmx, 3dnowpref, sse, sse2, sse3, ssse3, sse4.1, sse4.2, popcnt, lzcnt, tsc, tscinvbit, avx, avx2, aes, erms, clmul, bmi1, bmi2, adx, avx512f, avx512dq, avx512cd, avx512bw, avx512vl, sha, fma, vzeroupper, avx512_vpopcntdq, avx512_vpclmulqdq, avx512_vaes, avx512_vnni, clflush, clflushopt, clwb, avx512_vbmi2, avx512_vbmi

Memory: 4k page, system-wide physical 7885M (270M free)
TotalPageFile size 11885M (AvailPageFile size 1M)
current process WorkingSet (physical memory assigned to process): 74M, peak: 74M
current process commit charge ("private bytes"): 216M, peak: 217M

vm_info: OpenJDK 64-Bit Server VM (17.0.7+0-b2043.56-10550314) for windows-amd64 JRE (17.0.7+0-b2043.56-10550314), built on Jul 24 2023 18:27:45 by "androidbuild" with MS VC++ 16.10 / 16.11 (VS2019)

END.
