#
# There is insufficient memory for the Java Runtime Environment to continue.
# Native memory allocation (mmap) failed to map 1736704 bytes for G1 virtual space
# Possible reasons:
#   The system is out of physical RAM or swap space
#   The process is running with CompressedOops enabled, and the Java Heap may be blocking the growth of the native heap
# Possible solutions:
#   Reduce memory load on the system
#   Increase physical memory or swap space
#   Check if swap backing store is full
#   Decrease Java heap size (-Xmx/-Xms)
#   Decrease number of Java threads
#   Decrease Java thread stack sizes (-Xss)
#   Set larger code cache with -XX:ReservedCodeCacheSize=
#   JVM is running with Zero Based Compressed Oops mode in which the Java heap is
#     placed in the first 32GB address space. The Java Heap base address is the
#     maximum limit for the native heap growth. Please use -XX:HeapBaseMinAddress
#     to set the Java Heap base and to place the Java Heap above 32GB virtual address.
# This output file may be truncated or incomplete.
#
#  Out of Memory Error (os_windows.cpp:3771), pid=11300, tid=12936
#
# JRE version: OpenJDK Runtime Environment (17.0.7) (build 17.0.7+0-b2043.56-10550314)
# Java VM: OpenJDK 64-Bit Server VM (17.0.7+0-b2043.56-10550314, mixed mode, tiered, compressed oops, compressed class ptrs, g1 gc, windows-amd64)
# No core dump will be written. Minidumps are not enabled by default on client versions of Windows
#

---------------  S U M M A R Y ------------

Command Line: --add-opens=java.base/java.util=ALL-UNNAMED --add-opens=java.base/java.lang=ALL-UNNAMED --add-opens=java.base/java.lang.invoke=ALL-UNNAMED --add-opens=java.prefs/java.util.prefs=ALL-UNNAMED --add-opens=java.base/java.nio.charset=ALL-UNNAMED --add-opens=java.base/java.net=ALL-UNNAMED --add-opens=java.base/java.util.concurrent.atomic=ALL-UNNAMED -Xmx4G -Dfile.encoding=windows-1252 -Duser.country=US -Duser.language=en -Duser.variant org.gradle.launcher.daemon.bootstrap.GradleDaemon 7.6.3

Host: 11th Gen Intel(R) Core(TM) i5-1135G7 @ 2.40GHz, 8 cores, 7G,  Windows 11 , 64 bit Build 22621 (10.0.22621.4391)
Time: Sat Jan 25 22:55:39 2025 Tokyo Standard Time elapsed time: 100.393323 seconds (0d 0h 1m 40s)

---------------  T H R E A D  ---------------

Current thread (0x0000021b3ec18660):  VMThread "VM Thread" [stack: 0x000000a581a00000,0x000000a581b00000] [id=12936]

Stack: [0x000000a581a00000,0x000000a581b00000]
Native frames: (J=compiled Java code, j=interpreted, Vv=VM code, C=native code)
V  [jvm.dll+0x683bfa]
V  [jvm.dll+0x8430a4]
V  [jvm.dll+0x8449be]
V  [jvm.dll+0x845023]
V  [jvm.dll+0x24ad2f]
V  [jvm.dll+0x680ac9]
V  [jvm.dll+0x67519a]
V  [jvm.dll+0x30b3cb]
V  [jvm.dll+0x312876]
V  [jvm.dll+0x362233]
V  [jvm.dll+0x36244f]
V  [jvm.dll+0x2e14a8]
V  [jvm.dll+0x2e4596]
V  [jvm.dll+0x2eed58]
V  [jvm.dll+0x323a40]
V  [jvm.dll+0x8496eb]
V  [jvm.dll+0x84a424]
V  [jvm.dll+0x84a93d]
V  [jvm.dll+0x84ad14]
V  [jvm.dll+0x84ade0]
V  [jvm.dll+0x7f2aea]
V  [jvm.dll+0x682a35]
C  [ucrtbase.dll+0x29333]
C  [KERNEL32.DLL+0x1259d]
C  [ntdll.dll+0x5af38]

VM_Operation (0x000000a5816ff9f0): G1Concurrent, mode: safepoint, requested by thread 0x0000021b20570bb0


---------------  P R O C E S S  ---------------

Threads class SMR info:
_java_thread_list=0x0000021b4f9398a0, length=135, elements={
0x0000021b204f12f0, 0x0000021b3f0e23b0, 0x0000021b3f0e2f60, 0x0000021b3f12e010,
0x0000021b3f130ad0, 0x0000021b3f131480, 0x0000021b3f133e40, 0x0000021b3f134b20,
0x0000021b3f138ac0, 0x0000021b3f1394b0, 0x0000021b3f2c8410, 0x0000021b3f2cad00,
0x0000021b4462e120, 0x0000021b444e4240, 0x0000021b44b3e640, 0x0000021b4489b490,
0x0000021b44b625f0, 0x0000021b44b5f5d0, 0x0000021b44b5faa0, 0x0000021b44b60de0,
0x0000021b44b5ec30, 0x0000021b44b60440, 0x0000021b44b5f100, 0x0000021b44b62120,
0x0000021b44b5ff70, 0x0000021b44b612b0, 0x0000021b44b61780, 0x0000021b44b60910,
0x0000021b44b61c50, 0x0000021b457d2fa0, 0x0000021b457d0450, 0x0000021b457ce770,
0x0000021b457cf5e0, 0x0000021b457cfab0, 0x0000021b457d3940, 0x0000021b457d0920,
0x0000021b457d12c0, 0x0000021b457cf110, 0x0000021b457ccf60, 0x0000021b457d0df0,
0x0000021b457d3470, 0x0000021b457cddd0, 0x0000021b457ce2a0, 0x0000021b457cec40,
0x0000021b475807d0, 0x0000021b47581fe0, 0x0000021b475824b0, 0x0000021b4757c470,
0x0000021b4757f490, 0x0000021b4757e150, 0x0000021b4757d7b0, 0x0000021b47580ca0,
0x0000021b47581170, 0x0000021b4757bad0, 0x0000021b4757d2e0, 0x0000021b4757e620,
0x0000021b4757c940, 0x0000021b47581640, 0x0000021b4757f960, 0x0000021b4757fe30,
0x0000021b4757efc0, 0x0000021b4757ce10, 0x0000021b47581b10, 0x0000021b47583320,
0x0000021b47582980, 0x0000021b47582e50, 0x0000021b4757bfa0, 0x0000021b45960e00,
0x0000021b459612d0, 0x0000021b4595dde0, 0x0000021b4595e2b0, 0x0000021b45961c70,
0x0000021b4595e780, 0x0000021b45962fb0, 0x0000021b45962ae0, 0x0000021b4595d440,
0x0000021b4595ec50, 0x0000021b45963480, 0x0000021b4595f120, 0x0000021b459617a0,
0x0000021b4595d910, 0x0000021b45963950, 0x0000021b4595ff90, 0x0000021b4595f5f0,
0x0000021b4595c100, 0x0000021b4595cf70, 0x0000021b4595fac0, 0x0000021b4595c5d0,
0x0000021b45960460, 0x0000021b4595caa0, 0x0000021b45960930, 0x0000021b45962140,
0x0000021b45962610, 0x0000021b3f6b9080, 0x0000021b3f6b8bb0, 0x0000021b3f6b6ed0,
0x0000021b3f6b9550, 0x0000021b3f6b7870, 0x0000021b3f6b73a0, 0x0000021b3f6b7d40,
0x0000021b3f6b6060, 0x0000021b3f6b8210, 0x0000021b3f6b86e0, 0x0000021b3f6b9a20,
0x0000021b3f6b6530, 0x0000021b3f6b6a00, 0x0000021b45621050, 0x0000021b4561e500,
0x0000021b45622d30, 0x0000021b4561c820, 0x0000021b4561ccf0, 0x0000021b4561b4e0,
0x0000021b4561b9b0, 0x0000021b45621ec0, 0x0000021b4561d1c0, 0x0000021b45620b80,
0x0000021b4561fd10, 0x0000021b45622390, 0x0000021b4561db60, 0x0000021b45622860,
0x0000021b45621520, 0x0000021b456206b0, 0x0000021b456201e0, 0x0000021b4561be80,
0x0000021b4561e9d0, 0x0000021b4561d690, 0x0000021b456219f0, 0x0000021b4561e030,
0x0000021b4561f370, 0x0000021b4561eea0, 0x0000021b4561f840, 0x0000021b4561c350,
0x0000021b44813100, 0x0000021b4480d590, 0x0000021b47ff7240
}

Java Threads: ( => current thread )
  0x0000021b204f12f0 JavaThread "main" [_thread_blocked, id=3044, stack(0x000000a581400000,0x000000a581500000)]
  0x0000021b3f0e23b0 JavaThread "Reference Handler" daemon [_thread_blocked, id=15088, stack(0x000000a581b00000,0x000000a581c00000)]
  0x0000021b3f0e2f60 JavaThread "Finalizer" daemon [_thread_blocked, id=7044, stack(0x000000a581c00000,0x000000a581d00000)]
  0x0000021b3f12e010 JavaThread "Signal Dispatcher" daemon [_thread_blocked, id=13232, stack(0x000000a581d00000,0x000000a581e00000)]
  0x0000021b3f130ad0 JavaThread "Attach Listener" daemon [_thread_blocked, id=2304, stack(0x000000a581e00000,0x000000a581f00000)]
  0x0000021b3f131480 JavaThread "Service Thread" daemon [_thread_blocked, id=2828, stack(0x000000a581f00000,0x000000a582000000)]
  0x0000021b3f133e40 JavaThread "Monitor Deflation Thread" daemon [_thread_blocked, id=16024, stack(0x000000a582000000,0x000000a582100000)]
  0x0000021b3f134b20 JavaThread "C2 CompilerThread0" daemon [_thread_blocked, id=10792, stack(0x000000a582100000,0x000000a582200000)]
  0x0000021b3f138ac0 JavaThread "C1 CompilerThread0" daemon [_thread_blocked, id=1844, stack(0x000000a582200000,0x000000a582300000)]
  0x0000021b3f1394b0 JavaThread "Sweeper thread" daemon [_thread_blocked, id=4980, stack(0x000000a582300000,0x000000a582400000)]
  0x0000021b3f2c8410 JavaThread "Common-Cleaner" daemon [_thread_blocked, id=9432, stack(0x000000a582400000,0x000000a582500000)]
  0x0000021b3f2cad00 JavaThread "Notification Thread" daemon [_thread_blocked, id=11020, stack(0x000000a582500000,0x000000a582600000)]
  0x0000021b4462e120 JavaThread "Daemon health stats" [_thread_blocked, id=8292, stack(0x000000a582b00000,0x000000a582c00000)]
  0x0000021b444e4240 JavaThread "Incoming local TCP Connector on port 51340" [_thread_in_native, id=15744, stack(0x000000a582c00000,0x000000a582d00000)]
  0x0000021b44b3e640 JavaThread "Daemon periodic checks" [_thread_blocked, id=5600, stack(0x000000a582d00000,0x000000a582e00000)]
  0x0000021b4489b490 JavaThread "Daemon" [_thread_blocked, id=13148, stack(0x000000a582e00000,0x000000a582f00000)]
  0x0000021b44b625f0 JavaThread "Handler for socket connection from /127.0.0.1:51340 to /127.0.0.1:51341" [_thread_in_native, id=13980, stack(0x000000a582f00000,0x000000a583000000)]
  0x0000021b44b5f5d0 JavaThread "Cancel handler" [_thread_blocked, id=1212, stack(0x000000a583000000,0x000000a583100000)]
  0x0000021b44b5faa0 JavaThread "Daemon worker" [_thread_blocked, id=5024, stack(0x000000a583100000,0x000000a583200000)]
  0x0000021b44b60de0 JavaThread "Asynchronous log dispatcher for DefaultDaemonConnection: socket connection from /127.0.0.1:51340 to /127.0.0.1:51341" [_thread_blocked, id=6312, stack(0x000000a583200000,0x000000a583300000)]
  0x0000021b44b5ec30 JavaThread "Stdin handler" [_thread_blocked, id=15668, stack(0x000000a583300000,0x000000a583400000)]
  0x0000021b44b60440 JavaThread "Daemon client event forwarder" [_thread_blocked, id=9204, stack(0x000000a583400000,0x000000a583500000)]
  0x0000021b44b5f100 JavaThread "Cache worker for journal cache (C:\Users\vivob\.gradle\caches\journal-1)" [_thread_blocked, id=2096, stack(0x000000a583500000,0x000000a583600000)]
  0x0000021b44b62120 JavaThread "File lock request listener" [_thread_in_native, id=4144, stack(0x000000a583600000,0x000000a583700000)]
  0x0000021b44b5ff70 JavaThread "Cache worker for file hash cache (C:\Users\vivob\.gradle\caches\7.6.3\fileHashes)" [_thread_blocked, id=2508, stack(0x000000a583b00000,0x000000a583c00000)]
  0x0000021b44b612b0 JavaThread "File watcher server" daemon [_thread_in_native, id=2816, stack(0x000000a583e00000,0x000000a583f00000)]
  0x0000021b44b61780 JavaThread "File watcher consumer" daemon [_thread_blocked, id=15168, stack(0x000000a583f00000,0x000000a584000000)]
  0x0000021b44b60910 JavaThread "Cache worker for checksums cache (C:\src\latihanfirebase\android\.gradle\7.6.3\checksums)" [_thread_blocked, id=9132, stack(0x000000a584000000,0x000000a584100000)]
  0x0000021b44b61c50 JavaThread "Cache worker for cache directory md-rule (C:\Users\vivob\.gradle\caches\7.6.3\md-rule)" [_thread_blocked, id=9792, stack(0x000000a584100000,0x000000a584200000)]
  0x0000021b457d2fa0 JavaThread "Cache worker for file content cache (C:\Users\vivob\.gradle\caches\7.6.3\fileContent)" [_thread_blocked, id=15464, stack(0x000000a584200000,0x000000a584300000)]
  0x0000021b457d0450 JavaThread "Cache worker for file hash cache (C:\src\latihanfirebase\android\.gradle\7.6.3\fileHashes)" [_thread_blocked, id=13132, stack(0x000000a584300000,0x000000a584400000)]
  0x0000021b457ce770 JavaThread "Cache worker for cache directory md-supplier (C:\Users\vivob\.gradle\caches\7.6.3\md-supplier)" [_thread_blocked, id=12740, stack(0x000000a584400000,0x000000a584500000)]
  0x0000021b457cf5e0 JavaThread "Cache worker for execution history cache (C:\Users\vivob\.gradle\caches\7.6.3\executionHistory)" [_thread_blocked, id=12008, stack(0x000000a584500000,0x000000a584600000)]
  0x0000021b457cfab0 JavaThread "jar transforms" [_thread_blocked, id=12496, stack(0x000000a584600000,0x000000a584700000)]
  0x0000021b457d3940 JavaThread "Cache worker for kotlin-dsl (C:\Users\vivob\.gradle\caches\7.6.3\kotlin-dsl)" [_thread_blocked, id=13040, stack(0x000000a584700000,0x000000a584800000)]
  0x0000021b457d0920 JavaThread "jar transforms Thread 2" [_thread_blocked, id=13832, stack(0x000000a584800000,0x000000a584900000)]
  0x0000021b457d12c0 JavaThread "Cache worker for dependencies-accessors (C:\src\latihanfirebase\android\.gradle\7.6.3\dependencies-accessors)" [_thread_blocked, id=6320, stack(0x000000a584900000,0x000000a584a00000)]
  0x0000021b457cf110 JavaThread "Cache worker for Build Output Cleanup Cache (C:\src\flutter\packages\flutter_tools\gradle\.gradle\buildOutputCleanup)" [_thread_blocked, id=12064, stack(0x000000a584a00000,0x000000a584b00000)]
  0x0000021b457ccf60 JavaThread "jar transforms Thread 3" [_thread_blocked, id=11364, stack(0x000000a584b00000,0x000000a584c00000)]
  0x0000021b457d0df0 JavaThread "Memory manager" [_thread_blocked, id=10092, stack(0x000000a584c00000,0x000000a584d00000)]
  0x0000021b457d3470 JavaThread "jar transforms Thread 4" [_thread_blocked, id=10428, stack(0x000000a584d00000,0x000000a584e00000)]
  0x0000021b457cddd0 JavaThread "Execution worker" [_thread_blocked, id=12956, stack(0x000000a585100000,0x000000a585200000)]
  0x0000021b457ce2a0 JavaThread "Execution worker Thread 2" [_thread_blocked, id=11708, stack(0x000000a585200000,0x000000a585300000)]
  0x0000021b457cec40 JavaThread "Execution worker Thread 3" [_thread_blocked, id=13044, stack(0x000000a585300000,0x000000a585400000)]
  0x0000021b475807d0 JavaThread "Execution worker Thread 4" [_thread_blocked, id=13120, stack(0x000000a585400000,0x000000a585500000)]
  0x0000021b47581fe0 JavaThread "Execution worker Thread 5" [_thread_blocked, id=11004, stack(0x000000a585500000,0x000000a585600000)]
  0x0000021b475824b0 JavaThread "Execution worker Thread 6" [_thread_blocked, id=3524, stack(0x000000a585600000,0x000000a585700000)]
  0x0000021b4757c470 JavaThread "Execution worker Thread 7" [_thread_blocked, id=1500, stack(0x000000a585700000,0x000000a585800000)]
  0x0000021b4757f490 JavaThread "Cache worker for execution history cache (C:\src\flutter\packages\flutter_tools\gradle\.gradle\7.6.3\executionHistory)" [_thread_blocked, id=5480, stack(0x000000a585800000,0x000000a585900000)]
  0x0000021b4757e150 JavaThread "Unconstrained build operations" [_thread_blocked, id=6416, stack(0x000000a585900000,0x000000a585a00000)]
  0x0000021b4757d7b0 JavaThread "Unconstrained build operations Thread 2" [_thread_blocked, id=10436, stack(0x000000a585a00000,0x000000a585b00000)]
  0x0000021b47580ca0 JavaThread "Unconstrained build operations Thread 3" [_thread_blocked, id=13732, stack(0x000000a585b00000,0x000000a585c00000)]
  0x0000021b47581170 JavaThread "Unconstrained build operations Thread 4" [_thread_blocked, id=10744, stack(0x000000a585c00000,0x000000a585d00000)]
  0x0000021b4757bad0 JavaThread "Unconstrained build operations Thread 5" [_thread_blocked, id=10116, stack(0x000000a585d00000,0x000000a585e00000)]
  0x0000021b4757d2e0 JavaThread "Unconstrained build operations Thread 6" [_thread_blocked, id=9500, stack(0x000000a585e00000,0x000000a585f00000)]
  0x0000021b4757e620 JavaThread "Unconstrained build operations Thread 7" [_thread_blocked, id=15248, stack(0x000000a585f00000,0x000000a586000000)]
  0x0000021b4757c940 JavaThread "Unconstrained build operations Thread 8" [_thread_blocked, id=2320, stack(0x000000a586000000,0x000000a586100000)]
  0x0000021b47581640 JavaThread "Unconstrained build operations Thread 9" [_thread_blocked, id=1876, stack(0x000000a586100000,0x000000a586200000)]
  0x0000021b4757f960 JavaThread "Unconstrained build operations Thread 10" [_thread_blocked, id=11748, stack(0x000000a586200000,0x000000a586300000)]
  0x0000021b4757fe30 JavaThread "Unconstrained build operations Thread 11" [_thread_blocked, id=11192, stack(0x000000a584e00000,0x000000a584f00000)]
  0x0000021b4757efc0 JavaThread "Unconstrained build operations Thread 12" [_thread_blocked, id=6112, stack(0x000000a586300000,0x000000a586400000)]
  0x0000021b4757ce10 JavaThread "Unconstrained build operations Thread 13" [_thread_blocked, id=14228, stack(0x000000a586400000,0x000000a586500000)]
  0x0000021b47581b10 JavaThread "Unconstrained build operations Thread 14" [_thread_blocked, id=15536, stack(0x000000a586500000,0x000000a586600000)]
  0x0000021b47583320 JavaThread "Unconstrained build operations Thread 15" [_thread_blocked, id=12656, stack(0x000000a586600000,0x000000a586700000)]
  0x0000021b47582980 JavaThread "Unconstrained build operations Thread 16" [_thread_blocked, id=3196, stack(0x000000a586700000,0x000000a586800000)]
  0x0000021b47582e50 JavaThread "Unconstrained build operations Thread 17" [_thread_blocked, id=10024, stack(0x000000a586800000,0x000000a586900000)]
  0x0000021b4757bfa0 JavaThread "Unconstrained build operations Thread 18" [_thread_blocked, id=16216, stack(0x000000a586900000,0x000000a586a00000)]
  0x0000021b45960e00 JavaThread "Unconstrained build operations Thread 19" [_thread_blocked, id=12888, stack(0x000000a586a00000,0x000000a586b00000)]
  0x0000021b459612d0 JavaThread "Unconstrained build operations Thread 20" [_thread_blocked, id=11296, stack(0x000000a586b00000,0x000000a586c00000)]
  0x0000021b4595dde0 JavaThread "Unconstrained build operations Thread 21" [_thread_blocked, id=8784, stack(0x000000a586c00000,0x000000a586d00000)]
  0x0000021b4595e2b0 JavaThread "Unconstrained build operations Thread 22" [_thread_blocked, id=15320, stack(0x000000a586d00000,0x000000a586e00000)]
  0x0000021b45961c70 JavaThread "Unconstrained build operations Thread 23" [_thread_blocked, id=3640, stack(0x000000a586e00000,0x000000a586f00000)]
  0x0000021b4595e780 JavaThread "Unconstrained build operations Thread 24" [_thread_blocked, id=15300, stack(0x000000a586f00000,0x000000a587000000)]
  0x0000021b45962fb0 JavaThread "Unconstrained build operations Thread 25" [_thread_blocked, id=1444, stack(0x000000a587000000,0x000000a587100000)]
  0x0000021b45962ae0 JavaThread "Unconstrained build operations Thread 26" [_thread_blocked, id=4288, stack(0x000000a587100000,0x000000a587200000)]
  0x0000021b4595d440 JavaThread "Unconstrained build operations Thread 27" [_thread_blocked, id=8580, stack(0x000000a587200000,0x000000a587300000)]
  0x0000021b4595ec50 JavaThread "Unconstrained build operations Thread 28" [_thread_blocked, id=160, stack(0x000000a587300000,0x000000a587400000)]
  0x0000021b45963480 JavaThread "Unconstrained build operations Thread 29" [_thread_blocked, id=4476, stack(0x000000a587400000,0x000000a587500000)]
  0x0000021b4595f120 JavaThread "Unconstrained build operations Thread 30" [_thread_blocked, id=15784, stack(0x000000a587500000,0x000000a587600000)]
  0x0000021b459617a0 JavaThread "Unconstrained build operations Thread 31" [_thread_blocked, id=3260, stack(0x000000a587600000,0x000000a587700000)]
  0x0000021b4595d910 JavaThread "Unconstrained build operations Thread 32" [_thread_blocked, id=13320, stack(0x000000a587700000,0x000000a587800000)]
  0x0000021b45963950 JavaThread "Unconstrained build operations Thread 33" [_thread_blocked, id=2316, stack(0x000000a587800000,0x000000a587900000)]
  0x0000021b4595ff90 JavaThread "Unconstrained build operations Thread 34" [_thread_blocked, id=5884, stack(0x000000a587900000,0x000000a587a00000)]
  0x0000021b4595f5f0 JavaThread "Unconstrained build operations Thread 35" [_thread_blocked, id=14032, stack(0x000000a587a00000,0x000000a587b00000)]
  0x0000021b4595c100 JavaThread "Unconstrained build operations Thread 36" [_thread_blocked, id=11712, stack(0x000000a587b00000,0x000000a587c00000)]
  0x0000021b4595cf70 JavaThread "Unconstrained build operations Thread 37" [_thread_blocked, id=12676, stack(0x000000a587c00000,0x000000a587d00000)]
  0x0000021b4595fac0 JavaThread "Unconstrained build operations Thread 38" [_thread_blocked, id=11596, stack(0x000000a587d00000,0x000000a587e00000)]
  0x0000021b4595c5d0 JavaThread "Unconstrained build operations Thread 39" [_thread_blocked, id=732, stack(0x000000a587e00000,0x000000a587f00000)]
  0x0000021b45960460 JavaThread "Unconstrained build operations Thread 40" [_thread_blocked, id=14772, stack(0x000000a587f00000,0x000000a588000000)]
  0x0000021b4595caa0 JavaThread "Unconstrained build operations Thread 41" [_thread_blocked, id=3728, stack(0x000000a588000000,0x000000a588100000)]
  0x0000021b45960930 JavaThread "Unconstrained build operations Thread 42" [_thread_blocked, id=9600, stack(0x000000a588100000,0x000000a588200000)]
  0x0000021b45962140 JavaThread "Unconstrained build operations Thread 43" [_thread_blocked, id=5680, stack(0x000000a588200000,0x000000a588300000)]
  0x0000021b45962610 JavaThread "Unconstrained build operations Thread 44" [_thread_blocked, id=4172, stack(0x000000a588300000,0x000000a588400000)]
  0x0000021b3f6b9080 JavaThread "Unconstrained build operations Thread 45" [_thread_blocked, id=15992, stack(0x000000a588400000,0x000000a588500000)]
  0x0000021b3f6b8bb0 JavaThread "Unconstrained build operations Thread 46" [_thread_blocked, id=11924, stack(0x000000a588500000,0x000000a588600000)]
  0x0000021b3f6b6ed0 JavaThread "Unconstrained build operations Thread 47" [_thread_blocked, id=5692, stack(0x000000a588600000,0x000000a588700000)]
  0x0000021b3f6b9550 JavaThread "Unconstrained build operations Thread 48" [_thread_blocked, id=4984, stack(0x000000a588700000,0x000000a588800000)]
  0x0000021b3f6b7870 JavaThread "Unconstrained build operations Thread 49" [_thread_blocked, id=5896, stack(0x000000a588800000,0x000000a588900000)]
  0x0000021b3f6b73a0 JavaThread "Unconstrained build operations Thread 50" [_thread_blocked, id=6232, stack(0x000000a588900000,0x000000a588a00000)]
  0x0000021b3f6b7d40 JavaThread "Unconstrained build operations Thread 51" [_thread_blocked, id=14448, stack(0x000000a588a00000,0x000000a588b00000)]
  0x0000021b3f6b6060 JavaThread "Unconstrained build operations Thread 52" [_thread_blocked, id=8044, stack(0x000000a588b00000,0x000000a588c00000)]
  0x0000021b3f6b8210 JavaThread "Unconstrained build operations Thread 53" [_thread_blocked, id=6900, stack(0x000000a588c00000,0x000000a588d00000)]
  0x0000021b3f6b86e0 JavaThread "Unconstrained build operations Thread 54" [_thread_blocked, id=15920, stack(0x000000a588d00000,0x000000a588e00000)]
  0x0000021b3f6b9a20 JavaThread "Unconstrained build operations Thread 55" [_thread_blocked, id=11208, stack(0x000000a588e00000,0x000000a588f00000)]
  0x0000021b3f6b6530 JavaThread "Unconstrained build operations Thread 56" [_thread_blocked, id=12308, stack(0x000000a588f00000,0x000000a589000000)]
  0x0000021b3f6b6a00 JavaThread "Unconstrained build operations Thread 57" [_thread_blocked, id=15472, stack(0x000000a589000000,0x000000a589100000)]
  0x0000021b45621050 JavaThread "Unconstrained build operations Thread 58" [_thread_blocked, id=3036, stack(0x000000a589100000,0x000000a589200000)]
  0x0000021b4561e500 JavaThread "Unconstrained build operations Thread 59" [_thread_blocked, id=13228, stack(0x000000a589200000,0x000000a589300000)]
  0x0000021b45622d30 JavaThread "Unconstrained build operations Thread 60" [_thread_blocked, id=6768, stack(0x000000a589300000,0x000000a589400000)]
  0x0000021b4561c820 JavaThread "Unconstrained build operations Thread 61" [_thread_blocked, id=11196, stack(0x000000a589400000,0x000000a589500000)]
  0x0000021b4561ccf0 JavaThread "Unconstrained build operations Thread 62" [_thread_blocked, id=14872, stack(0x000000a589500000,0x000000a589600000)]
  0x0000021b4561b4e0 JavaThread "Unconstrained build operations Thread 63" [_thread_blocked, id=7396, stack(0x000000a589600000,0x000000a589700000)]
  0x0000021b4561b9b0 JavaThread "Unconstrained build operations Thread 64" [_thread_blocked, id=3612, stack(0x000000a589700000,0x000000a589800000)]
  0x0000021b45621ec0 JavaThread "Unconstrained build operations Thread 65" [_thread_blocked, id=2692, stack(0x000000a589800000,0x000000a589900000)]
  0x0000021b4561d1c0 JavaThread "Unconstrained build operations Thread 66" [_thread_blocked, id=3608, stack(0x000000a589900000,0x000000a589a00000)]
  0x0000021b45620b80 JavaThread "Unconstrained build operations Thread 67" [_thread_blocked, id=11400, stack(0x000000a589a00000,0x000000a589b00000)]
  0x0000021b4561fd10 JavaThread "Unconstrained build operations Thread 68" [_thread_blocked, id=12752, stack(0x000000a589b00000,0x000000a589c00000)]
  0x0000021b45622390 JavaThread "Unconstrained build operations Thread 69" [_thread_blocked, id=7392, stack(0x000000a589c00000,0x000000a589d00000)]
  0x0000021b4561db60 JavaThread "Unconstrained build operations Thread 70" [_thread_blocked, id=2296, stack(0x000000a589d00000,0x000000a589e00000)]
  0x0000021b45622860 JavaThread "Unconstrained build operations Thread 71" [_thread_blocked, id=10344, stack(0x000000a589e00000,0x000000a589f00000)]
  0x0000021b45621520 JavaThread "Unconstrained build operations Thread 72" [_thread_blocked, id=9224, stack(0x000000a589f00000,0x000000a58a000000)]
  0x0000021b456206b0 JavaThread "Unconstrained build operations Thread 73" [_thread_blocked, id=14024, stack(0x000000a58a000000,0x000000a58a100000)]
  0x0000021b456201e0 JavaThread "Unconstrained build operations Thread 74" [_thread_blocked, id=10896, stack(0x000000a58a100000,0x000000a58a200000)]
  0x0000021b4561be80 JavaThread "Unconstrained build operations Thread 75" [_thread_blocked, id=5756, stack(0x000000a58a200000,0x000000a58a300000)]
  0x0000021b4561e9d0 JavaThread "Unconstrained build operations Thread 76" [_thread_blocked, id=8412, stack(0x000000a58a300000,0x000000a58a400000)]
  0x0000021b4561d690 JavaThread "Unconstrained build operations Thread 77" [_thread_blocked, id=10392, stack(0x000000a58a400000,0x000000a58a500000)]
  0x0000021b456219f0 JavaThread "Unconstrained build operations Thread 78" [_thread_blocked, id=8164, stack(0x000000a58a500000,0x000000a58a600000)]
  0x0000021b4561e030 JavaThread "Unconstrained build operations Thread 79" [_thread_blocked, id=16240, stack(0x000000a58a600000,0x000000a58a700000)]
  0x0000021b4561f370 JavaThread "Unconstrained build operations Thread 80" [_thread_blocked, id=11920, stack(0x000000a58a700000,0x000000a58a800000)]
  0x0000021b4561eea0 JavaThread "jar transforms Thread 5" [_thread_blocked, id=3304, stack(0x000000a58a900000,0x000000a58aa00000)]
  0x0000021b4561f840 JavaThread "jar transforms Thread 6" [_thread_blocked, id=12108, stack(0x000000a58aa00000,0x000000a58ab00000)]
  0x0000021b4561c350 JavaThread "jar transforms Thread 7" [_thread_blocked, id=4632, stack(0x000000a58ab00000,0x000000a58ac00000)]
  0x0000021b44813100 JavaThread "jar transforms Thread 8" [_thread_blocked, id=9752, stack(0x000000a58ac00000,0x000000a58ad00000)]
  0x0000021b4480d590 JavaThread "Cache worker for Build Output Cleanup Cache (C:\src\latihanfirebase\android\.gradle\buildOutputCleanup)" [_thread_blocked, id=15524, stack(0x000000a58ad00000,0x000000a58ae00000)]
  0x0000021b47ff7240 JavaThread "C2 CompilerThread1" daemon [_thread_in_native, id=13116, stack(0x000000a581100000,0x000000a581200000)]

Other Threads:
=>0x0000021b3ec18660 VMThread "VM Thread" [stack: 0x000000a581a00000,0x000000a581b00000] [id=12936]
  0x0000021b3ebfd9e0 WatcherThread [stack: 0x000000a582600000,0x000000a582700000] [id=9348]
  0x0000021b2055fc70 GCTaskThread "GC Thread#0" [stack: 0x000000a581500000,0x000000a581600000] [id=13172]
  0x0000021b3fd46b90 GCTaskThread "GC Thread#1" [stack: 0x000000a582700000,0x000000a582800000] [id=8748]
  0x0000021b3fd47bb0 GCTaskThread "GC Thread#2" [stack: 0x000000a582800000,0x000000a582900000] [id=14480]
  0x0000021b3fd470f0 GCTaskThread "GC Thread#3" [stack: 0x000000a582900000,0x000000a582a00000] [id=14984]
  0x0000021b3fd46e40 GCTaskThread "GC Thread#4" [stack: 0x000000a582a00000,0x000000a582b00000] [id=7500]
  0x0000021b3fd460d0 GCTaskThread "GC Thread#5" [stack: 0x000000a583700000,0x000000a583800000] [id=16032]
  0x0000021b3fd46380 GCTaskThread "GC Thread#6" [stack: 0x000000a583800000,0x000000a583900000] [id=12704]
  0x0000021b3fd46630 GCTaskThread "GC Thread#7" [stack: 0x000000a583900000,0x000000a583a00000] [id=13280]
  0x0000021b20570bb0 ConcurrentGCThread "G1 Main Marker" [stack: 0x000000a581600000,0x000000a581700000] [id=10184]
  0x0000021b20571d60 ConcurrentGCThread "G1 Conc#0" [stack: 0x000000a581700000,0x000000a581800000] [id=15800]
  0x0000021b45478ee0 ConcurrentGCThread "G1 Conc#1" [stack: 0x000000a583a00000,0x000000a583b00000] [id=13212]
  0x0000021b3eac4340 ConcurrentGCThread "G1 Refine#0" [stack: 0x000000a581800000,0x000000a581900000] [id=15176]
  0x0000021b4555b020 ConcurrentGCThread "G1 Refine#1" [stack: 0x000000a583c00000,0x000000a583d00000] [id=12440]
  0x0000021b4565b5d0 ConcurrentGCThread "G1 Refine#2" [stack: 0x000000a583d00000,0x000000a583e00000] [id=12780]
  0x0000021b49212f30 ConcurrentGCThread "G1 Refine#3" [stack: 0x000000a58ae00000,0x000000a58af00000] [id=8848]
  0x0000021b49215770 ConcurrentGCThread "G1 Refine#4" [stack: 0x000000a58af00000,0x000000a58b000000] [id=13380]
  0x0000021b49214910 ConcurrentGCThread "G1 Refine#5" [stack: 0x000000a58b000000,0x000000a58b100000] [id=12352]
  0x0000021b49214350 ConcurrentGCThread "G1 Refine#6" [stack: 0x000000a58b100000,0x000000a58b200000] [id=6400]
  0x0000021b3eac4d60 ConcurrentGCThread "G1 Service" [stack: 0x000000a581900000,0x000000a581a00000] [id=4400]

Threads with active compile tasks:
C2 CompilerThread0   100409 17828       4       org.objectweb.asm.ClassVisitor::visitMethod (24 bytes)
C2 CompilerThread1   100409 17593       4       org.objectweb.asm.ClassReader::readCode (5109 bytes)

VM state: at safepoint (normal execution)

VM Mutex/Monitor currently owned by a thread:  ([mutex/lock_event])
[0x0000021b204ec2e0] Threads_lock - owner thread: 0x0000021b3ec18660
[0x0000021b204ec640] Heap_lock - owner thread: 0x0000021b20570bb0

Heap address: 0x0000000700000000, size: 4096 MB, Compressed Oops mode: Zero based, Oop shift amount: 3

CDS archive(s) not mapped
Compressed class space mapped at: 0x0000000800000000-0x0000000840000000, reserved size: 1073741824
Narrow klass base: 0x0000000800000000, Narrow klass shift: 0, Narrow klass range: 0x40000000

GC Precious Log:
 CPUs: 8 total, 8 available
 Memory: 7885M
 Large Page Support: Disabled
 NUMA Support: Disabled
 Compressed Oops: Enabled (Zero based)
 Heap Region Size: 2M
 Heap Min Capacity: 8M
 Heap Initial Capacity: 124M
 Heap Max Capacity: 4G
 Pre-touch: Disabled
 Parallel Workers: 8
 Concurrent Workers: 2
 Concurrent Refinement Workers: 8
 Periodic GC: Disabled

Heap:
 garbage-first heap   total 290816K, used 232665K [0x0000000700000000, 0x0000000800000000)
  region size 2048K, 41 young (83968K), 2 survivors (4096K)
 Metaspace       used 150931K, committed 151808K, reserved 1245184K
  class space    used 19949K, committed 20352K, reserved 1048576K

Heap Regions: E=young(eden), S=young(survivor), O=old, HS=humongous(starts), HC=humongous(continues), CS=collection set, F=free, OA=open archive, CA=closed archive, TAMS=top-at-mark-start (previous, next)
|   0|0x0000000700000000, 0x0000000700200000, 0x0000000700200000|100%|HS|  |TAMS 0x0000000700200000, 0x0000000700000000| Complete 
|   1|0x0000000700200000, 0x0000000700400000, 0x0000000700400000|100%|HC|  |TAMS 0x0000000700400000, 0x0000000700200000| Complete 
|   2|0x0000000700400000, 0x0000000700600000, 0x0000000700600000|100%| O|  |TAMS 0x0000000700600000, 0x0000000700400000| Untracked 
|   3|0x0000000700600000, 0x0000000700800000, 0x0000000700800000|100%| O|  |TAMS 0x0000000700800000, 0x0000000700600000| Updating 
|   4|0x0000000700800000, 0x00000007009f9000, 0x0000000700a00000| 98%| O|  |TAMS 0x00000007009f9000, 0x0000000700800000| Untracked 
|   5|0x0000000700a00000, 0x0000000700c00000, 0x0000000700c00000|100%| O|  |TAMS 0x0000000700c00000, 0x0000000700a00000| Untracked 
|   6|0x0000000700c00000, 0x0000000700e00000, 0x0000000700e00000|100%| O|  |TAMS 0x0000000700e00000, 0x0000000700c00000| Untracked 
|   7|0x0000000700e00000, 0x0000000701000000, 0x0000000701000000|100%| O|  |TAMS 0x0000000701000000, 0x0000000700e00000| Untracked 
|   8|0x0000000701000000, 0x0000000701200000, 0x0000000701200000|100%| O|  |TAMS 0x0000000701200000, 0x0000000701000000| Untracked 
|   9|0x0000000701200000, 0x0000000701400000, 0x0000000701400000|100%| O|  |TAMS 0x0000000701400000, 0x0000000701200000| Untracked 
|  10|0x0000000701400000, 0x0000000701600000, 0x0000000701600000|100%| O|  |TAMS 0x0000000701600000, 0x0000000701400000| Updating 
|  11|0x0000000701600000, 0x0000000701800000, 0x0000000701800000|100%| O|  |TAMS 0x0000000701800000, 0x0000000701600000| Untracked 
|  12|0x0000000701800000, 0x0000000701a00000, 0x0000000701a00000|100%| O|  |TAMS 0x0000000701a00000, 0x0000000701800000| Untracked 
|  13|0x0000000701a00000, 0x0000000701c00000, 0x0000000701c00000|100%| O|  |TAMS 0x0000000701c00000, 0x0000000701a00000| Untracked 
|  14|0x0000000701c00000, 0x0000000701e00000, 0x0000000701e00000|100%| O|  |TAMS 0x0000000701e00000, 0x0000000701c00000| Untracked 
|  15|0x0000000701e00000, 0x0000000702000000, 0x0000000702000000|100%| O|  |TAMS 0x0000000702000000, 0x0000000701e00000| Updating 
|  16|0x0000000702000000, 0x0000000702200000, 0x0000000702200000|100%| O|  |TAMS 0x0000000702200000, 0x0000000702000000| Untracked 
|  17|0x0000000702200000, 0x0000000702400000, 0x0000000702400000|100%| O|  |TAMS 0x0000000702400000, 0x0000000702200000| Untracked 
|  18|0x0000000702400000, 0x0000000702600000, 0x0000000702600000|100%| O|  |TAMS 0x0000000702600000, 0x0000000702400000| Untracked 
|  19|0x0000000702600000, 0x0000000702800000, 0x0000000702800000|100%| O|  |TAMS 0x0000000702800000, 0x0000000702600000| Untracked 
|  20|0x0000000702800000, 0x0000000702a00000, 0x0000000702a00000|100%| O|  |TAMS 0x0000000702a00000, 0x0000000702800000| Untracked 
|  21|0x0000000702a00000, 0x0000000702c00000, 0x0000000702c00000|100%| O|  |TAMS 0x0000000702c00000, 0x0000000702a00000| Untracked 
|  22|0x0000000702c00000, 0x0000000702e00000, 0x0000000702e00000|100%| O|  |TAMS 0x0000000702e00000, 0x0000000702c00000| Updating 
|  23|0x0000000702e00000, 0x0000000703000000, 0x0000000703000000|100%|HS|  |TAMS 0x0000000703000000, 0x0000000702e00000| Complete 
|  24|0x0000000703000000, 0x0000000703200000, 0x0000000703200000|100%|HC|  |TAMS 0x0000000703200000, 0x0000000703000000| Complete 
|  25|0x0000000703200000, 0x0000000703400000, 0x0000000703400000|100%| O|  |TAMS 0x0000000703400000, 0x0000000703200000| Untracked 
|  26|0x0000000703400000, 0x0000000703600000, 0x0000000703600000|100%| O|  |TAMS 0x0000000703600000, 0x0000000703400000| Updating 
|  27|0x0000000703600000, 0x0000000703800000, 0x0000000703800000|100%| O|  |TAMS 0x0000000703800000, 0x0000000703600000| Untracked 
|  28|0x0000000703800000, 0x0000000703a00000, 0x0000000703a00000|100%|HS|  |TAMS 0x0000000703a00000, 0x0000000703800000| Complete 
|  29|0x0000000703a00000, 0x0000000703c00000, 0x0000000703c00000|100%| O|  |TAMS 0x0000000703c00000, 0x0000000703a00000| Untracked 
|  30|0x0000000703c00000, 0x0000000703e00000, 0x0000000703e00000|100%| O|  |TAMS 0x0000000703e00000, 0x0000000703c00000| Untracked 
|  31|0x0000000703e00000, 0x0000000704000000, 0x0000000704000000|100%| O|  |TAMS 0x0000000704000000, 0x0000000703e00000| Untracked 
|  32|0x0000000704000000, 0x0000000704200000, 0x0000000704200000|100%| O|  |TAMS 0x0000000704200000, 0x0000000704000000| Untracked 
|  33|0x0000000704200000, 0x0000000704400000, 0x0000000704400000|100%| O|  |TAMS 0x0000000704400000, 0x0000000704200000| Untracked 
|  34|0x0000000704400000, 0x0000000704600000, 0x0000000704600000|100%| O|  |TAMS 0x0000000704600000, 0x0000000704400000| Untracked 
|  35|0x0000000704600000, 0x0000000704800000, 0x0000000704800000|100%| O|  |TAMS 0x0000000704800000, 0x0000000704600000| Untracked 
|  36|0x0000000704800000, 0x0000000704a00000, 0x0000000704a00000|100%| O|  |TAMS 0x0000000704a00000, 0x0000000704800000| Untracked 
|  37|0x0000000704a00000, 0x0000000704c00000, 0x0000000704c00000|100%| O|  |TAMS 0x0000000704c00000, 0x0000000704a00000| Untracked 
|  38|0x0000000704c00000, 0x0000000704e00000, 0x0000000704e00000|100%|HS|  |TAMS 0x0000000704e00000, 0x0000000704c00000| Complete 
|  39|0x0000000704e00000, 0x0000000705000000, 0x0000000705000000|100%|HC|  |TAMS 0x0000000705000000, 0x0000000704e00000| Complete 
|  40|0x0000000705000000, 0x0000000705200000, 0x0000000705200000|100%| O|  |TAMS 0x0000000705200000, 0x0000000705000000| Untracked 
|  41|0x0000000705200000, 0x0000000705400000, 0x0000000705400000|100%| O|  |TAMS 0x0000000705400000, 0x0000000705200000| Untracked 
|  42|0x0000000705400000, 0x0000000705600000, 0x0000000705600000|100%| O|  |TAMS 0x0000000705600000, 0x0000000705400000| Untracked 
|  43|0x0000000705600000, 0x0000000705800000, 0x0000000705800000|100%| O|  |TAMS 0x0000000705800000, 0x0000000705600000| Untracked 
|  44|0x0000000705800000, 0x0000000705a00000, 0x0000000705a00000|100%| O|  |TAMS 0x0000000705a00000, 0x0000000705800000| Untracked 
|  45|0x0000000705a00000, 0x0000000705c00000, 0x0000000705c00000|100%| O|  |TAMS 0x0000000705c00000, 0x0000000705a00000| Untracked 
|  46|0x0000000705c00000, 0x0000000705e00000, 0x0000000705e00000|100%| O|  |TAMS 0x0000000705e00000, 0x0000000705c00000| Untracked 
|  47|0x0000000705e00000, 0x0000000706000000, 0x0000000706000000|100%| O|  |TAMS 0x0000000706000000, 0x0000000705e00000| Untracked 
|  48|0x0000000706000000, 0x0000000706200000, 0x0000000706200000|100%| O|  |TAMS 0x0000000706200000, 0x0000000706000000| Untracked 
|  49|0x0000000706200000, 0x0000000706400000, 0x0000000706400000|100%| O|  |TAMS 0x0000000706400000, 0x0000000706200000| Untracked 
|  50|0x0000000706400000, 0x0000000706600000, 0x0000000706600000|100%| O|  |TAMS 0x0000000706600000, 0x0000000706400000| Untracked 
|  51|0x0000000706600000, 0x0000000706800000, 0x0000000706800000|100%| O|  |TAMS 0x0000000706800000, 0x0000000706600000| Untracked 
|  52|0x0000000706800000, 0x0000000706a00000, 0x0000000706a00000|100%| O|  |TAMS 0x0000000706a00000, 0x0000000706800000| Untracked 
|  53|0x0000000706a00000, 0x0000000706c00000, 0x0000000706c00000|100%| O|  |TAMS 0x0000000706c00000, 0x0000000706a00000| Updating 
|  54|0x0000000706c00000, 0x0000000706e00000, 0x0000000706e00000|100%| O|  |TAMS 0x0000000706e00000, 0x0000000706c00000| Updating 
|  55|0x0000000706e00000, 0x0000000707000000, 0x0000000707000000|100%| O|  |TAMS 0x0000000707000000, 0x0000000706e00000| Updating 
|  56|0x0000000707000000, 0x0000000707200000, 0x0000000707200000|100%|HS|  |TAMS 0x0000000707200000, 0x0000000707000000| Complete 
|  57|0x0000000707200000, 0x0000000707400000, 0x0000000707400000|100%|HC|  |TAMS 0x0000000707400000, 0x0000000707200000| Complete 
|  58|0x0000000707400000, 0x0000000707600000, 0x0000000707600000|100%|HC|  |TAMS 0x0000000707600000, 0x0000000707400000| Complete 
|  59|0x0000000707600000, 0x0000000707800000, 0x0000000707800000|100%| O|  |TAMS 0x0000000707800000, 0x0000000707600000| Updating 
|  60|0x0000000707800000, 0x0000000707a00000, 0x0000000707a00000|100%| O|  |TAMS 0x0000000707a00000, 0x0000000707800000| Updating 
|  61|0x0000000707a00000, 0x0000000707c00000, 0x0000000707c00000|100%| O|  |TAMS 0x0000000707c00000, 0x0000000707a00000| Updating 
|  62|0x0000000707c00000, 0x0000000707e00000, 0x0000000707e00000|100%| O|  |TAMS 0x0000000707e00000, 0x0000000707c00000| Updating 
|  63|0x0000000707e00000, 0x0000000708000000, 0x0000000708000000|100%| O|  |TAMS 0x0000000708000000, 0x0000000707e00000| Updating 
|  64|0x0000000708000000, 0x0000000708200000, 0x0000000708200000|100%| O|  |TAMS 0x0000000708200000, 0x0000000708000000| Updating 
|  65|0x0000000708200000, 0x0000000708400000, 0x0000000708400000|100%| O|  |TAMS 0x0000000708400000, 0x0000000708200000| Updating 
|  66|0x0000000708400000, 0x0000000708400000, 0x0000000708600000|  0%| F|  |TAMS 0x0000000708400000, 0x0000000708400000| Untracked 
|  67|0x0000000708600000, 0x0000000708800000, 0x0000000708800000|100%| O|  |TAMS 0x0000000708800000, 0x0000000708600000| Untracked 
|  68|0x0000000708800000, 0x0000000708a00000, 0x0000000708a00000|100%| O|  |TAMS 0x0000000708a00000, 0x0000000708800000| Untracked 
|  69|0x0000000708a00000, 0x0000000708c00000, 0x0000000708c00000|100%| O|  |TAMS 0x0000000708c00000, 0x0000000708a00000| Untracked 
|  70|0x0000000708c00000, 0x0000000708e00000, 0x0000000708e00000|100%| O|  |TAMS 0x0000000708e00000, 0x0000000708c00000| Untracked 
|  71|0x0000000708e00000, 0x0000000709000000, 0x0000000709000000|100%| O|  |TAMS 0x0000000709000000, 0x0000000708e00000| Untracked 
|  72|0x0000000709000000, 0x0000000709200000, 0x0000000709200000|100%| O|  |TAMS 0x0000000709200000, 0x0000000709000000| Untracked 
|  73|0x0000000709200000, 0x0000000709400000, 0x0000000709400000|100%| O|  |TAMS 0x0000000709400000, 0x0000000709200000| Updating 
|  74|0x0000000709400000, 0x0000000709600000, 0x0000000709600000|100%| O|  |TAMS 0x0000000709600000, 0x0000000709400000| Untracked 
|  75|0x0000000709600000, 0x0000000709800000, 0x0000000709800000|100%| O|  |TAMS 0x0000000709800000, 0x0000000709600000| Untracked 
|  76|0x0000000709800000, 0x0000000709929200, 0x0000000709a00000| 58%| O|  |TAMS 0x0000000709929200, 0x0000000709800000| Updating 
|  77|0x0000000709a00000, 0x0000000709a00000, 0x0000000709c00000|  0%| F|  |TAMS 0x0000000709a00000, 0x0000000709a00000| Untracked 
|  78|0x0000000709c00000, 0x0000000709c00000, 0x0000000709e00000|  0%| F|  |TAMS 0x0000000709c00000, 0x0000000709c00000| Untracked 
|  79|0x0000000709e00000, 0x0000000709e00000, 0x000000070a000000|  0%| F|  |TAMS 0x0000000709e00000, 0x0000000709e00000| Untracked 
|  80|0x000000070a000000, 0x000000070a000000, 0x000000070a200000|  0%| F|  |TAMS 0x000000070a000000, 0x000000070a000000| Untracked 
|  81|0x000000070a200000, 0x000000070a200000, 0x000000070a400000|  0%| F|  |TAMS 0x000000070a200000, 0x000000070a200000| Untracked 
|  82|0x000000070a400000, 0x000000070a400000, 0x000000070a600000|  0%| F|  |TAMS 0x000000070a400000, 0x000000070a400000| Untracked 
|  83|0x000000070a600000, 0x000000070a600000, 0x000000070a800000|  0%| F|  |TAMS 0x000000070a600000, 0x000000070a600000| Untracked 
|  84|0x000000070a800000, 0x000000070a800000, 0x000000070aa00000|  0%| F|  |TAMS 0x000000070a800000, 0x000000070a800000| Untracked 
|  85|0x000000070aa00000, 0x000000070aa00000, 0x000000070ac00000|  0%| F|  |TAMS 0x000000070aa00000, 0x000000070aa00000| Untracked 
|  86|0x000000070ac00000, 0x000000070ac00000, 0x000000070ae00000|  0%| F|  |TAMS 0x000000070ac00000, 0x000000070ac00000| Untracked 
|  87|0x000000070ae00000, 0x000000070ae00000, 0x000000070b000000|  0%| F|  |TAMS 0x000000070ae00000, 0x000000070ae00000| Untracked 
|  88|0x000000070b000000, 0x000000070b000000, 0x000000070b200000|  0%| F|  |TAMS 0x000000070b000000, 0x000000070b000000| Untracked 
|  89|0x000000070b200000, 0x000000070b200000, 0x000000070b400000|  0%| F|  |TAMS 0x000000070b200000, 0x000000070b200000| Untracked 
|  90|0x000000070b400000, 0x000000070b400000, 0x000000070b600000|  0%| F|  |TAMS 0x000000070b400000, 0x000000070b400000| Untracked 
|  91|0x000000070b600000, 0x000000070b600000, 0x000000070b800000|  0%| F|  |TAMS 0x000000070b600000, 0x000000070b600000| Untracked 
|  92|0x000000070b800000, 0x000000070b800000, 0x000000070ba00000|  0%| F|  |TAMS 0x000000070b800000, 0x000000070b800000| Untracked 
|  93|0x000000070ba00000, 0x000000070ba00000, 0x000000070bc00000|  0%| F|  |TAMS 0x000000070ba00000, 0x000000070ba00000| Untracked 
|  94|0x000000070bc00000, 0x000000070bc00000, 0x000000070be00000|  0%| F|  |TAMS 0x000000070bc00000, 0x000000070bc00000| Untracked 
|  95|0x000000070be00000, 0x000000070be00000, 0x000000070c000000|  0%| F|  |TAMS 0x000000070be00000, 0x000000070be00000| Untracked 
|  96|0x000000070c000000, 0x000000070c0144b0, 0x000000070c200000|  3%| S|CS|TAMS 0x000000070c000000, 0x000000070c000000| Complete 
|  97|0x000000070c200000, 0x000000070c400000, 0x000000070c400000|100%| S|CS|TAMS 0x000000070c200000, 0x000000070c200000| Complete 
|  98|0x000000070c400000, 0x000000070c400000, 0x000000070c600000|  0%| F|  |TAMS 0x000000070c400000, 0x000000070c400000| Untracked 
|  99|0x000000070c600000, 0x000000070c600000, 0x000000070c800000|  0%| F|  |TAMS 0x000000070c600000, 0x000000070c600000| Untracked 
| 100|0x000000070c800000, 0x000000070c800000, 0x000000070ca00000|  0%| F|  |TAMS 0x000000070c800000, 0x000000070c800000| Untracked 
| 101|0x000000070ca00000, 0x000000070ca00000, 0x000000070cc00000|  0%| F|  |TAMS 0x000000070ca00000, 0x000000070ca00000| Untracked 
| 102|0x000000070cc00000, 0x000000070cc00000, 0x000000070ce00000|  0%| F|  |TAMS 0x000000070cc00000, 0x000000070cc00000| Untracked 
| 103|0x000000070ce00000, 0x000000070cfe41e0, 0x000000070d000000| 94%| E|  |TAMS 0x000000070ce00000, 0x000000070ce00000| Complete 
| 104|0x000000070d000000, 0x000000070d200000, 0x000000070d200000|100%| E|CS|TAMS 0x000000070d000000, 0x000000070d000000| Complete 
| 105|0x000000070d200000, 0x000000070d400000, 0x000000070d400000|100%| E|CS|TAMS 0x000000070d200000, 0x000000070d200000| Complete 
| 106|0x000000070d400000, 0x000000070d600000, 0x000000070d600000|100%| E|CS|TAMS 0x000000070d400000, 0x000000070d400000| Complete 
| 107|0x000000070d600000, 0x000000070d800000, 0x000000070d800000|100%| E|CS|TAMS 0x000000070d600000, 0x000000070d600000| Complete 
| 108|0x000000070d800000, 0x000000070da00000, 0x000000070da00000|100%| E|CS|TAMS 0x000000070d800000, 0x000000070d800000| Complete 
| 109|0x000000070da00000, 0x000000070dc00000, 0x000000070dc00000|100%| E|CS|TAMS 0x000000070da00000, 0x000000070da00000| Complete 
| 110|0x000000070dc00000, 0x000000070de00000, 0x000000070de00000|100%| E|CS|TAMS 0x000000070dc00000, 0x000000070dc00000| Complete 
| 111|0x000000070de00000, 0x000000070e000000, 0x000000070e000000|100%| E|CS|TAMS 0x000000070de00000, 0x000000070de00000| Complete 
| 112|0x000000070e000000, 0x000000070e200000, 0x000000070e200000|100%| E|CS|TAMS 0x000000070e000000, 0x000000070e000000| Complete 
| 113|0x000000070e200000, 0x000000070e400000, 0x000000070e400000|100%| E|CS|TAMS 0x000000070e200000, 0x000000070e200000| Complete 
| 114|0x000000070e400000, 0x000000070e600000, 0x000000070e600000|100%| E|CS|TAMS 0x000000070e400000, 0x000000070e400000| Complete 
| 115|0x000000070e600000, 0x000000070e800000, 0x000000070e800000|100%| E|CS|TAMS 0x000000070e600000, 0x000000070e600000| Complete 
| 116|0x000000070e800000, 0x000000070ea00000, 0x000000070ea00000|100%| E|CS|TAMS 0x000000070e800000, 0x000000070e800000| Complete 
| 117|0x000000070ea00000, 0x000000070ec00000, 0x000000070ec00000|100%| E|CS|TAMS 0x000000070ea00000, 0x000000070ea00000| Complete 
| 118|0x000000070ec00000, 0x000000070ee00000, 0x000000070ee00000|100%| E|CS|TAMS 0x000000070ec00000, 0x000000070ec00000| Complete 
| 119|0x000000070ee00000, 0x000000070f000000, 0x000000070f000000|100%| E|CS|TAMS 0x000000070ee00000, 0x000000070ee00000| Complete 
| 120|0x000000070f000000, 0x000000070f200000, 0x000000070f200000|100%| E|CS|TAMS 0x000000070f000000, 0x000000070f000000| Complete 
| 121|0x000000070f200000, 0x000000070f400000, 0x000000070f400000|100%| E|  |TAMS 0x000000070f200000, 0x000000070f200000| Complete 
| 122|0x000000070f400000, 0x000000070f600000, 0x000000070f600000|100%| E|CS|TAMS 0x000000070f400000, 0x000000070f400000| Complete 
| 123|0x000000070f600000, 0x000000070f800000, 0x000000070f800000|100%| E|CS|TAMS 0x000000070f600000, 0x000000070f600000| Complete 
| 124|0x000000070f800000, 0x000000070fa00000, 0x000000070fa00000|100%| E|CS|TAMS 0x000000070f800000, 0x000000070f800000| Complete 
| 125|0x000000070fa00000, 0x000000070fc00000, 0x000000070fc00000|100%| E|CS|TAMS 0x000000070fa00000, 0x000000070fa00000| Complete 
| 126|0x000000070fc00000, 0x000000070fe00000, 0x000000070fe00000|100%| E|CS|TAMS 0x000000070fc00000, 0x000000070fc00000| Complete 
| 127|0x000000070fe00000, 0x0000000710000000, 0x0000000710000000|100%| E|CS|TAMS 0x000000070fe00000, 0x000000070fe00000| Complete 
| 128|0x0000000710000000, 0x0000000710200000, 0x0000000710200000|100%| E|CS|TAMS 0x0000000710000000, 0x0000000710000000| Complete 
| 129|0x0000000710200000, 0x0000000710400000, 0x0000000710400000|100%| E|CS|TAMS 0x0000000710200000, 0x0000000710200000| Complete 
| 130|0x0000000710400000, 0x0000000710600000, 0x0000000710600000|100%| E|CS|TAMS 0x0000000710400000, 0x0000000710400000| Complete 
| 131|0x0000000710600000, 0x0000000710800000, 0x0000000710800000|100%| E|CS|TAMS 0x0000000710600000, 0x0000000710600000| Complete 
| 132|0x0000000710800000, 0x0000000710a00000, 0x0000000710a00000|100%| E|CS|TAMS 0x0000000710800000, 0x0000000710800000| Complete 
| 133|0x0000000710a00000, 0x0000000710c00000, 0x0000000710c00000|100%| E|CS|TAMS 0x0000000710a00000, 0x0000000710a00000| Complete 
| 134|0x0000000710c00000, 0x0000000710e00000, 0x0000000710e00000|100%| E|CS|TAMS 0x0000000710c00000, 0x0000000710c00000| Complete 
| 135|0x0000000710e00000, 0x0000000711000000, 0x0000000711000000|100%| E|CS|TAMS 0x0000000710e00000, 0x0000000710e00000| Complete 
| 136|0x0000000711000000, 0x0000000711200000, 0x0000000711200000|100%| E|CS|TAMS 0x0000000711000000, 0x0000000711000000| Complete 
| 137|0x0000000711200000, 0x0000000711400000, 0x0000000711400000|100%| E|CS|TAMS 0x0000000711200000, 0x0000000711200000| Complete 
| 138|0x0000000711400000, 0x0000000711600000, 0x0000000711600000|100%| E|CS|TAMS 0x0000000711400000, 0x0000000711400000| Complete 
| 139|0x0000000711600000, 0x0000000711800000, 0x0000000711800000|100%| E|CS|TAMS 0x0000000711600000, 0x0000000711600000| Complete 
| 140|0x0000000711800000, 0x0000000711a00000, 0x0000000711a00000|100%| E|CS|TAMS 0x0000000711800000, 0x0000000711800000| Complete 
| 141|0x0000000711a00000, 0x0000000711c00000, 0x0000000711c00000|100%| E|CS|TAMS 0x0000000711a00000, 0x0000000711a00000| Complete 

Card table byte_map: [0x0000021b334f0000,0x0000021b33cf0000] _byte_map_base: 0x0000021b2fcf0000

Marking Bits (Prev, Next): (CMBitMap*) 0x0000021b205602c0, (CMBitMap*) 0x0000021b20560280
 Prev Bits: [0x0000021b384f0000, 0x0000021b3c4f0000)
 Next Bits: [0x0000021b344f0000, 0x0000021b384f0000)

Polling page: 0x0000021b1e4d0000

Metaspace:

Usage:
  Non-class:    127.91 MB used.
      Class:     19.48 MB used.
       Both:    147.39 MB used.

Virtual space:
  Non-class space:      192.00 MB reserved,     128.38 MB ( 67%) committed,  3 nodes.
      Class space:        1.00 GB reserved,      19.88 MB (  2%) committed,  1 nodes.
             Both:        1.19 GB reserved,     148.25 MB ( 12%) committed. 

Chunk freelists:
   Non-Class:  15.37 MB
       Class:  12.11 MB
        Both:  27.48 MB

MaxMetaspaceSize: unlimited
CompressedClassSpaceSize: 1.00 GB
Initial GC threshold: 21.00 MB
Current GC threshold: 246.69 MB
CDS: off
MetaspaceReclaimPolicy: balanced
 - commit_granule_bytes: 65536.
 - commit_granule_words: 8192.
 - virtual_space_node_default_size: 8388608.
 - enlarge_chunks_in_place: 1.
 - new_chunks_are_fully_committed: 0.
 - uncommit_free_chunks: 1.
 - use_allocation_guard: 0.
 - handle_deallocations: 1.


Internal statistics:

num_allocs_failed_limit: 9.
num_arena_births: 1044.
num_arena_deaths: 14.
num_vsnodes_births: 4.
num_vsnodes_deaths: 0.
num_space_committed: 2370.
num_space_uncommitted: 0.
num_chunks_returned_to_freelist: 40.
num_chunks_taken_from_freelist: 6261.
num_chunk_merges: 11.
num_chunk_splits: 4583.
num_chunks_enlarged: 3546.
num_inconsistent_stats: 0.

CodeHeap 'non-profiled nmethods': size=120000Kb used=8579Kb max_used=8903Kb free=111420Kb
 bounds [0x0000021b2b490000, 0x0000021b2bd50000, 0x0000021b329c0000]
CodeHeap 'profiled nmethods': size=120000Kb used=29281Kb max_used=31135Kb free=90718Kb
 bounds [0x0000021b239c0000, 0x0000021b25830000, 0x0000021b2aef0000]
CodeHeap 'non-nmethods': size=5760Kb used=2541Kb max_used=2595Kb free=3218Kb
 bounds [0x0000021b2aef0000, 0x0000021b2b190000, 0x0000021b2b490000]
 total_blobs=15849 nmethods=14757 adapters=1002
 compilation: enabled
              stopped_count=0, restarted_count=0
 full_count=0

Compilation events (20 events):
Event: 100.299 Thread 0x0000021b3f138ac0 17853 %     3       org.objectweb.asm.SymbolTable::addConstantUtf8Reference @ 13 (101 bytes)
Event: 100.299 Thread 0x0000021b3f138ac0 nmethod 17853% 0x0000021b24661690 code [0x0000021b246618c0, 0x0000021b24661ff8]
Event: 100.302 Thread 0x0000021b3f138ac0 17854       3       org.objectweb.asm.SymbolTable::addConstantUtf8Reference (101 bytes)
Event: 100.303 Thread 0x0000021b3f138ac0 nmethod 17854 0x0000021b254a7b10 code [0x0000021b254a7d20, 0x0000021b254a8318]
Event: 100.305 Thread 0x0000021b3f134b20 nmethod 17837 0x0000021b2b8af190 code [0x0000021b2b8af380, 0x0000021b2b8b0f58]
Event: 100.305 Thread 0x0000021b3f134b20 17815       4       org.objectweb.asm.Type::getArgumentsAndReturnSizes (140 bytes)
Event: 100.316 Thread 0x0000021b3f134b20 nmethod 17815 0x0000021b2b9c9b90 code [0x0000021b2b9c9d60, 0x0000021b2b9ca708]
Event: 100.316 Thread 0x0000021b3f134b20 17813       4       org.objectweb.asm.MethodWriter::visitMethodInsn (191 bytes)
Event: 100.319 Thread 0x0000021b3f138ac0 17859       2       org.objectweb.asm.ByteVector::putLong (145 bytes)
Event: 100.320 Thread 0x0000021b3f138ac0 nmethod 17859 0x0000021b246cb690 code [0x0000021b246cb840, 0x0000021b246cbb08]
Event: 100.351 Thread 0x0000021b3f138ac0 17862       2       java.io.DataOutputStream::writeUTF (7 bytes)
Event: 100.351 Thread 0x0000021b3f138ac0 nmethod 17862 0x0000021b24bb3810 code [0x0000021b24bb39a0, 0x0000021b24bb3ac8]
Event: 100.359 Thread 0x0000021b3f134b20 nmethod 17813 0x0000021b2b4dad10 code [0x0000021b2b4daf80, 0x0000021b2b4dcce0]
Event: 100.359 Thread 0x0000021b3f134b20 17828       4       org.objectweb.asm.ClassVisitor::visitMethod (24 bytes)
Event: 100.365 Thread 0x0000021b3f138ac0 17864       2       org.objectweb.asm.MethodWriter::visitLabel (328 bytes)
Event: 100.366 Thread 0x0000021b3f138ac0 nmethod 17864 0x0000021b24341410 code [0x0000021b24341640, 0x0000021b243420a8]
Event: 100.366 Thread 0x0000021b3f138ac0 17865       2       org.objectweb.asm.MethodWriter::visitInsn (115 bytes)
Event: 100.366 Thread 0x0000021b3f138ac0 nmethod 17865 0x0000021b24e55f90 code [0x0000021b24e56160, 0x0000021b24e563c8]
Event: 100.367 Thread 0x0000021b3f138ac0 17866 %     3       java.util.Arrays::binarySearch0 @ 8 (74 bytes)
Event: 100.368 Thread 0x0000021b3f138ac0 nmethod 17866% 0x0000021b251cb790 code [0x0000021b251cb940, 0x0000021b251cbc58]

GC Heap History (20 events):
Event: 21.376 GC heap before
{Heap before GC invocations=55 (full 0):
 garbage-first heap   total 223232K, used 178603K [0x0000000700000000, 0x0000000800000000)
  region size 2048K, 29 young (59392K), 3 survivors (6144K)
 Metaspace       used 123176K, committed 123904K, reserved 1179648K
  class space    used 16528K, committed 16896K, reserved 1048576K
}
Event: 21.381 GC heap after
{Heap after GC invocations=56 (full 0):
 garbage-first heap   total 282624K, used 128674K [0x0000000700000000, 0x0000000800000000)
  region size 2048K, 2 young (4096K), 2 survivors (4096K)
 Metaspace       used 123176K, committed 123904K, reserved 1179648K
  class space    used 16528K, committed 16896K, reserved 1048576K
}
Event: 22.436 GC heap before
{Heap before GC invocations=57 (full 0):
 garbage-first heap   total 282624K, used 214690K [0x0000000700000000, 0x0000000800000000)
  region size 2048K, 44 young (90112K), 2 survivors (4096K)
 Metaspace       used 130152K, committed 130944K, reserved 1179648K
  class space    used 17419K, committed 17792K, reserved 1048576K
}
Event: 22.442 GC heap after
{Heap after GC invocations=58 (full 0):
 garbage-first heap   total 282624K, used 132156K [0x0000000700000000, 0x0000000800000000)
  region size 2048K, 4 young (8192K), 4 survivors (8192K)
 Metaspace       used 130152K, committed 130944K, reserved 1179648K
  class space    used 17419K, committed 17792K, reserved 1048576K
}
Event: 23.357 GC heap before
{Heap before GC invocations=58 (full 0):
 garbage-first heap   total 282624K, used 228412K [0x0000000700000000, 0x0000000800000000)
  region size 2048K, 51 young (104448K), 4 survivors (8192K)
 Metaspace       used 138856K, committed 139584K, reserved 1179648K
  class space    used 18346K, committed 18688K, reserved 1048576K
}
Event: 23.363 GC heap after
{Heap after GC invocations=59 (full 0):
 garbage-first heap   total 282624K, used 137126K [0x0000000700000000, 0x0000000800000000)
  region size 2048K, 6 young (12288K), 6 survivors (12288K)
 Metaspace       used 138856K, committed 139584K, reserved 1179648K
  class space    used 18346K, committed 18688K, reserved 1048576K
}
Event: 24.044 GC heap before
{Heap before GC invocations=59 (full 0):
 garbage-first heap   total 282624K, used 227238K [0x0000000700000000, 0x0000000800000000)
  region size 2048K, 50 young (102400K), 6 survivors (12288K)
 Metaspace       used 143827K, committed 144704K, reserved 1179648K
  class space    used 19001K, committed 19392K, reserved 1048576K
}
Event: 24.052 GC heap after
{Heap after GC invocations=60 (full 0):
 garbage-first heap   total 282624K, used 142975K [0x0000000700000000, 0x0000000800000000)
  region size 2048K, 6 young (12288K), 6 survivors (12288K)
 Metaspace       used 143827K, committed 144704K, reserved 1179648K
  class space    used 19001K, committed 19392K, reserved 1048576K
}
Event: 24.731 GC heap before
{Heap before GC invocations=60 (full 0):
 garbage-first heap   total 282624K, used 231039K [0x0000000700000000, 0x0000000800000000)
  region size 2048K, 49 young (100352K), 6 survivors (12288K)
 Metaspace       used 149341K, committed 150208K, reserved 1179648K
  class space    used 19926K, committed 20352K, reserved 1048576K
}
Event: 24.740 GC heap after
{Heap after GC invocations=61 (full 0):
 garbage-first heap   total 282624K, used 151608K [0x0000000700000000, 0x0000000800000000)
  region size 2048K, 7 young (14336K), 7 survivors (14336K)
 Metaspace       used 149341K, committed 150208K, reserved 1179648K
  class space    used 19926K, committed 20352K, reserved 1048576K
}
Event: 32.693 GC heap before
{Heap before GC invocations=62 (full 0):
 garbage-first heap   total 290816K, used 229432K [0x0000000700000000, 0x0000000800000000)
  region size 2048K, 46 young (94208K), 7 survivors (14336K)
 Metaspace       used 150291K, committed 151168K, reserved 1245184K
  class space    used 19949K, committed 20352K, reserved 1048576K
}
Event: 32.701 GC heap after
{Heap after GC invocations=63 (full 0):
 garbage-first heap   total 290816K, used 156410K [0x0000000700000000, 0x0000000800000000)
  region size 2048K, 3 young (6144K), 3 survivors (6144K)
 Metaspace       used 150291K, committed 151168K, reserved 1245184K
  class space    used 19949K, committed 20352K, reserved 1048576K
}
Event: 65.688 GC heap before
{Heap before GC invocations=63 (full 0):
 garbage-first heap   total 290816K, used 238330K [0x0000000700000000, 0x0000000800000000)
  region size 2048K, 44 young (90112K), 3 survivors (6144K)
 Metaspace       used 150678K, committed 151552K, reserved 1245184K
  class space    used 19950K, committed 20352K, reserved 1048576K
}
Event: 65.693 GC heap after
{Heap after GC invocations=64 (full 0):
 garbage-first heap   total 290816K, used 156070K [0x0000000700000000, 0x0000000800000000)
  region size 2048K, 3 young (6144K), 3 survivors (6144K)
 Metaspace       used 150678K, committed 151552K, reserved 1245184K
  class space    used 19950K, committed 20352K, reserved 1048576K
}
Event: 100.137 GC heap before
{Heap before GC invocations=65 (full 0):
 garbage-first heap   total 290816K, used 240038K [0x0000000700000000, 0x0000000800000000)
  region size 2048K, 45 young (92160K), 3 survivors (6144K)
 Metaspace       used 150880K, committed 151744K, reserved 1245184K
  class space    used 19953K, committed 20352K, reserved 1048576K
}
Event: 100.140 GC heap after
{Heap after GC invocations=66 (full 0):
 garbage-first heap   total 290816K, used 158630K [0x0000000700000000, 0x0000000800000000)
  region size 2048K, 4 young (8192K), 4 survivors (8192K)
 Metaspace       used 150880K, committed 151744K, reserved 1245184K
  class space    used 19953K, committed 20352K, reserved 1048576K
}
Event: 100.149 GC heap before
{Heap before GC invocations=66 (full 0):
 garbage-first heap   total 290816K, used 164774K [0x0000000700000000, 0x0000000800000000)
  region size 2048K, 7 young (14336K), 4 survivors (8192K)
 Metaspace       used 150906K, committed 151744K, reserved 1245184K
  class space    used 19953K, committed 20352K, reserved 1048576K
}
Event: 100.152 GC heap after
{Heap after GC invocations=67 (full 0):
 garbage-first heap   total 290816K, used 155533K [0x0000000700000000, 0x0000000800000000)
  region size 2048K, 1 young (2048K), 1 survivors (2048K)
 Metaspace       used 150906K, committed 151744K, reserved 1245184K
  class space    used 19953K, committed 20352K, reserved 1048576K
}
Event: 100.253 GC heap before
{Heap before GC invocations=67 (full 0):
 garbage-first heap   total 290816K, used 241549K [0x0000000700000000, 0x0000000800000000)
  region size 2048K, 44 young (90112K), 1 survivors (2048K)
 Metaspace       used 150945K, committed 151808K, reserved 1245184K
  class space    used 19954K, committed 20352K, reserved 1048576K
}
Event: 100.255 GC heap after
{Heap after GC invocations=68 (full 0):
 garbage-first heap   total 290816K, used 156889K [0x0000000700000000, 0x0000000800000000)
  region size 2048K, 2 young (4096K), 2 survivors (4096K)
 Metaspace       used 150945K, committed 151808K, reserved 1245184K
  class space    used 19954K, committed 20352K, reserved 1048576K
}

Dll operation events (2 events):
Event: 0.007 Loaded shared library C:\Program Files\Android\Android Studio\jbr\bin\java.dll
Event: 0.420 Loaded shared library C:\Program Files\Android\Android Studio\jbr\bin\verify.dll

Deoptimization events (20 events):
Event: 100.196 Thread 0x0000021b457cfab0 DEOPT PACKING pc=0x0000021b2b8c9608 sp=0x000000a5846fd6a0
Event: 100.197 Thread 0x0000021b457cfab0 DEOPT UNPACKING pc=0x0000021b2af4a1a3 sp=0x000000a5846fd6c0 mode 2
Event: 100.226 Thread 0x0000021b4561f840 DEOPT PACKING pc=0x0000021b25600a33 sp=0x000000a58aafdcb0
Event: 100.226 Thread 0x0000021b4561f840 DEOPT UNPACKING pc=0x0000021b2af4ace3 sp=0x000000a58aafd198 mode 0
Event: 100.247 Thread 0x0000021b4561c350 Uncommon trap: trap_request=0xffffff45 fr.pc=0x0000021b2b7cabb0 relative=0x0000000000000110
Event: 100.247 Thread 0x0000021b4561c350 Uncommon trap: reason=unstable_if action=reinterpret pc=0x0000021b2b7cabb0 method=org.objectweb.asm.AnnotationWriter.computeAnnotationsSize(Lorg/objectweb/asm/AnnotationWriter;Lorg/objectweb/asm/AnnotationWriter;Lorg/objectweb/asm/AnnotationWriter;Lorg/ob
Event: 100.247 Thread 0x0000021b4561c350 DEOPT PACKING pc=0x0000021b2b7cabb0 sp=0x000000a58abfe2b0
Event: 100.247 Thread 0x0000021b4561c350 DEOPT UNPACKING pc=0x0000021b2af4a1a3 sp=0x000000a58abfe238 mode 2
Event: 100.247 Thread 0x0000021b4561c350 Uncommon trap: trap_request=0xffffff45 fr.pc=0x0000021b2b91467c relative=0x00000000000001fc
Event: 100.247 Thread 0x0000021b4561c350 Uncommon trap: reason=unstable_if action=reinterpret pc=0x0000021b2b91467c method=org.objectweb.asm.AnnotationWriter.putAnnotations(Lorg/objectweb/asm/SymbolTable;Lorg/objectweb/asm/AnnotationWriter;Lorg/objectweb/asm/AnnotationWriter;Lorg/objectweb/asm/A
Event: 100.247 Thread 0x0000021b4561c350 DEOPT PACKING pc=0x0000021b2b91467c sp=0x000000a58abfe280
Event: 100.247 Thread 0x0000021b4561c350 DEOPT UNPACKING pc=0x0000021b2af4a1a3 sp=0x000000a58abfe220 mode 2
Event: 100.365 Thread 0x0000021b4561f840 Uncommon trap: trap_request=0xffffff45 fr.pc=0x0000021b2b81ef44 relative=0x0000000000000c04
Event: 100.365 Thread 0x0000021b4561f840 Uncommon trap: reason=unstable_if action=reinterpret pc=0x0000021b2b81ef44 method=org.objectweb.asm.MethodWriter.visitLabel(Lorg/objectweb/asm/Label;)V @ 238 c2
Event: 100.365 Thread 0x0000021b4561f840 DEOPT PACKING pc=0x0000021b2b81ef44 sp=0x000000a58aafdff0
Event: 100.365 Thread 0x0000021b4561f840 DEOPT UNPACKING pc=0x0000021b2af4a1a3 sp=0x000000a58aafdfc8 mode 2
Event: 100.365 Thread 0x0000021b4561f840 Uncommon trap: trap_request=0xffffff45 fr.pc=0x0000021b2b816784 relative=0x00000000000004a4
Event: 100.365 Thread 0x0000021b4561f840 Uncommon trap: reason=unstable_if action=reinterpret pc=0x0000021b2b816784 method=org.objectweb.asm.MethodWriter.endCurrentBasicBlockWithNoSuccessor()V @ 73 c2
Event: 100.365 Thread 0x0000021b4561f840 DEOPT PACKING pc=0x0000021b2b816784 sp=0x000000a58aafdee0
Event: 100.365 Thread 0x0000021b4561f840 DEOPT UNPACKING pc=0x0000021b2af4a1a3 sp=0x000000a58aafde48 mode 2

Classes unloaded (20 events):
Event: 18.139 Thread 0x0000021b3ec18660 Unloading class 0x0000000800b18000 '_BuildScript_$_run_closure3'
Event: 18.139 Thread 0x0000021b3ec18660 Unloading class 0x0000000800b13820 '_BuildScript_$_run_closure2'
Event: 18.139 Thread 0x0000021b3ec18660 Unloading class 0x0000000800b13410 '_BuildScript_$_run_closure1$_closure5'
Event: 18.139 Thread 0x0000021b3ec18660 Unloading class 0x0000000800b13000 '_BuildScript_$_run_closure1'
Event: 18.139 Thread 0x0000021b3ec18660 Unloading class 0x0000000800b12800 '_BuildScript_'
Event: 65.761 Thread 0x0000021b3ec18660 Unloading class 0x000000080128e820 '_BuildScript_$_run_closure4'
Event: 65.761 Thread 0x0000021b3ec18660 Unloading class 0x000000080128e410 '_BuildScript_$_run_closure3'
Event: 65.761 Thread 0x0000021b3ec18660 Unloading class 0x000000080128e000 '_BuildScript_$_run_closure2$_closure9$_closure10'
Event: 65.761 Thread 0x0000021b3ec18660 Unloading class 0x000000080128d860 '_BuildScript_$_run_closure2$_closure9'
Event: 65.761 Thread 0x0000021b3ec18660 Unloading class 0x000000080128d450 '_BuildScript_$_run_closure2$_closure8'
Event: 65.761 Thread 0x0000021b3ec18660 Unloading class 0x000000080128d040 '_BuildScript_$_run_closure2$_closure7'
Event: 65.761 Thread 0x0000021b3ec18660 Unloading class 0x000000080128cc30 '_BuildScript_$_run_closure2$_closure6'
Event: 65.761 Thread 0x0000021b3ec18660 Unloading class 0x000000080128c820 '_BuildScript_$_run_closure2$_closure5'
Event: 65.761 Thread 0x0000021b3ec18660 Unloading class 0x000000080128c410 '_BuildScript_$_run_closure2'
Event: 65.761 Thread 0x0000021b3ec18660 Unloading class 0x000000080128c000 '_BuildScript_$_run_closure1'
Event: 65.761 Thread 0x0000021b3ec18660 Unloading class 0x000000080128b800 '_BuildScript_'
Event: 100.379 Thread 0x0000021b3ec18660 Unloading class 0x00000008013e2820 '_BuildScript_$_run_closure1$_closure3'
Event: 100.379 Thread 0x0000021b3ec18660 Unloading class 0x00000008013e2410 '_BuildScript_$_run_closure1$_closure2'
Event: 100.379 Thread 0x0000021b3ec18660 Unloading class 0x00000008013e2000 '_BuildScript_$_run_closure1'
Event: 100.379 Thread 0x0000021b3ec18660 Unloading class 0x00000008013e1800 '_BuildScript_'

Classes redefined (0 events):
No events

Internal exceptions (20 events):
Event: 100.165 Thread 0x0000021b457ccf60 Exception <a 'sun/nio/fs/WindowsException'{0x0000000711370b48}> (0x0000000711370b48) 
thrown [s\src\hotspot\share\prims\jni.cpp, line 517]
Event: 100.169 Thread 0x0000021b4561eea0 Exception <a 'sun/nio/fs/WindowsException'{0x00000007111e4a68}> (0x00000007111e4a68) 
thrown [s\src\hotspot\share\prims\jni.cpp, line 517]
Event: 100.169 Thread 0x0000021b457ccf60 Exception <a 'sun/nio/fs/WindowsException'{0x0000000710c60a28}> (0x0000000710c60a28) 
thrown [s\src\hotspot\share\prims\jni.cpp, line 517]
Event: 100.177 Thread 0x0000021b457d3470 Exception <a 'sun/nio/fs/WindowsException'{0x00000007108d03b0}> (0x00000007108d03b0) 
thrown [s\src\hotspot\share\prims\jni.cpp, line 517]
Event: 100.177 Thread 0x0000021b457d3470 Exception <a 'sun/nio/fs/WindowsException'{0x00000007108d0548}> (0x00000007108d0548) 
thrown [s\src\hotspot\share\prims\jni.cpp, line 517]
Event: 100.185 Thread 0x0000021b457d3470 Exception <a 'sun/nio/fs/WindowsException'{0x000000070fc13110}> (0x000000070fc13110) 
thrown [s\src\hotspot\share\prims\jni.cpp, line 517]
Event: 100.203 Thread 0x0000021b44813100 Exception <a 'sun/nio/fs/WindowsException'{0x000000070edfa4e0}> (0x000000070edfa4e0) 
thrown [s\src\hotspot\share\prims\jni.cpp, line 517]
Event: 100.204 Thread 0x0000021b44813100 Exception <a 'sun/nio/fs/WindowsException'{0x000000070edfa680}> (0x000000070edfa680) 
thrown [s\src\hotspot\share\prims\jni.cpp, line 517]
Event: 100.218 Thread 0x0000021b44813100 Exception <a 'sun/nio/fs/WindowsException'{0x000000070dfb3098}> (0x000000070dfb3098) 
thrown [s\src\hotspot\share\prims\jni.cpp, line 517]
Event: 100.333 Thread 0x0000021b4561eea0 Exception <a 'sun/nio/fs/WindowsException'{0x000000070e82c450}> (0x000000070e82c450) 
thrown [s\src\hotspot\share\prims\jni.cpp, line 517]
Event: 100.334 Thread 0x0000021b4561eea0 Exception <a 'sun/nio/fs/WindowsException'{0x000000070e82c5d8}> (0x000000070e82c5d8) 
thrown [s\src\hotspot\share\prims\jni.cpp, line 517]
Event: 100.340 Thread 0x0000021b457cfab0 Exception <a 'sun/nio/fs/WindowsException'{0x000000070e471c08}> (0x000000070e471c08) 
thrown [s\src\hotspot\share\prims\jni.cpp, line 517]
Event: 100.340 Thread 0x0000021b457cfab0 Exception <a 'sun/nio/fs/WindowsException'{0x000000070e471d98}> (0x000000070e471d98) 
thrown [s\src\hotspot\share\prims\jni.cpp, line 517]
Event: 100.342 Thread 0x0000021b4561eea0 Exception <a 'sun/nio/fs/WindowsException'{0x000000070e4b7098}> (0x000000070e4b7098) 
thrown [s\src\hotspot\share\prims\jni.cpp, line 517]
Event: 100.345 Thread 0x0000021b457cfab0 Exception <a 'sun/nio/fs/WindowsException'{0x000000070e309588}> (0x000000070e309588) 
thrown [s\src\hotspot\share\prims\jni.cpp, line 517]
Event: 100.345 Thread 0x0000021b4561eea0 Exception <a 'sun/nio/fs/WindowsException'{0x000000070e388cf0}> (0x000000070e388cf0) 
thrown [s\src\hotspot\share\prims\jni.cpp, line 517]
Event: 100.346 Thread 0x0000021b4561eea0 Exception <a 'sun/nio/fs/WindowsException'{0x000000070e388e78}> (0x000000070e388e78) 
thrown [s\src\hotspot\share\prims\jni.cpp, line 517]
Event: 100.352 Thread 0x0000021b4561eea0 Exception <a 'sun/nio/fs/WindowsException'{0x000000070df5e240}> (0x000000070df5e240) 
thrown [s\src\hotspot\share\prims\jni.cpp, line 517]
Event: 100.354 Thread 0x0000021b457cfab0 Exception <a 'sun/nio/fs/WindowsException'{0x000000070dc3daa0}> (0x000000070dc3daa0) 
thrown [s\src\hotspot\share\prims\jni.cpp, line 517]
Event: 100.354 Thread 0x0000021b457cfab0 Exception <a 'sun/nio/fs/WindowsException'{0x000000070dc3dc30}> (0x000000070dc3dc30) 
thrown [s\src\hotspot\share\prims\jni.cpp, line 517]

VM Operations (20 events):
Event: 85.867 Executing VM operation: Cleanup done
Event: 93.871 Executing VM operation: Cleanup
Event: 93.871 Executing VM operation: Cleanup done
Event: 96.872 Executing VM operation: Cleanup
Event: 96.872 Executing VM operation: Cleanup done
Event: 98.874 Executing VM operation: Cleanup
Event: 98.874 Executing VM operation: Cleanup done
Event: 100.006 Executing VM operation: HandshakeAllThreads
Event: 100.007 Executing VM operation: HandshakeAllThreads done
Event: 100.007 Executing VM operation: Cleanup
Event: 100.007 Executing VM operation: Cleanup done
Event: 100.073 Executing VM operation: HandshakeAllThreads
Event: 100.074 Executing VM operation: HandshakeAllThreads done
Event: 100.136 Executing VM operation: G1CollectForAllocation
Event: 100.142 Executing VM operation: G1CollectForAllocation done
Event: 100.149 Executing VM operation: G1CollectForAllocation
Event: 100.152 Executing VM operation: G1CollectForAllocation done
Event: 100.253 Executing VM operation: G1CollectForAllocation
Event: 100.257 Executing VM operation: G1CollectForAllocation done
Event: 100.379 Executing VM operation: G1Concurrent

Events (20 events):
Event: 100.091 Thread 0x0000021b3f1394b0 flushing nmethod 0x0000021b25607310
Event: 100.091 Thread 0x0000021b3f1394b0 flushing nmethod 0x0000021b25619510
Event: 100.091 Thread 0x0000021b3f1394b0 flushing nmethod 0x0000021b25621b10
Event: 100.091 Thread 0x0000021b3f1394b0 flushing nmethod 0x0000021b2562c310
Event: 100.091 Thread 0x0000021b3f1394b0 flushing nmethod 0x0000021b2562c790
Event: 100.091 Thread 0x0000021b3f1394b0 flushing nmethod 0x0000021b2564f590
Event: 100.091 Thread 0x0000021b3f1394b0 flushing nmethod 0x0000021b25678210
Event: 100.091 Thread 0x0000021b3f1394b0 flushing nmethod 0x0000021b2567ac90
Event: 100.091 Thread 0x0000021b3f1394b0 flushing nmethod 0x0000021b2568f810
Event: 100.091 Thread 0x0000021b3f1394b0 flushing nmethod 0x0000021b25697810
Event: 100.091 Thread 0x0000021b3f1394b0 flushing nmethod 0x0000021b256a2c10
Event: 100.091 Thread 0x0000021b3f1394b0 flushing nmethod 0x0000021b256cf110
Event: 100.091 Thread 0x0000021b3f1394b0 flushing nmethod 0x0000021b2570b590
Event: 100.091 Thread 0x0000021b3f1394b0 flushing nmethod 0x0000021b2572b310
Event: 100.091 Thread 0x0000021b3f1394b0 flushing nmethod 0x0000021b2572c790
Event: 100.091 Thread 0x0000021b3f1394b0 flushing nmethod 0x0000021b2572da90
Event: 100.091 Thread 0x0000021b3f1394b0 flushing nmethod 0x0000021b25734910
Event: 100.092 Thread 0x0000021b3f1394b0 flushing nmethod 0x0000021b25778390
Event: 100.092 Thread 0x0000021b3f1394b0 flushing nmethod 0x0000021b25779610
Event: 100.092 Thread 0x0000021b3f1394b0 flushing nmethod 0x0000021b25779990


Dynamic libraries:
0x00007ff63a000000 - 0x00007ff63a00a000 	C:\Program Files\Android\Android Studio\jbr\bin\java.exe
0x00007ffdc4e30000 - 0x00007ffdc5047000 	C:\WINDOWS\SYSTEM32\ntdll.dll
0x00007ffdc36a0000 - 0x00007ffdc3764000 	C:\WINDOWS\System32\KERNEL32.DLL
0x00007ffdc2260000 - 0x00007ffdc261a000 	C:\WINDOWS\System32\KERNELBASE.dll
0x00007ffdc2620000 - 0x00007ffdc2731000 	C:\WINDOWS\System32\ucrtbase.dll
0x00007ffdae030000 - 0x00007ffdae047000 	C:\Program Files\Android\Android Studio\jbr\bin\jli.dll
0x00007ffdb9800000 - 0x00007ffdb981b000 	C:\Program Files\Android\Android Studio\jbr\bin\VCRUNTIME140.dll
0x00007ffdc3780000 - 0x00007ffdc392e000 	C:\WINDOWS\System32\USER32.dll
0x00007ffdc27f0000 - 0x00007ffdc2816000 	C:\WINDOWS\System32\win32u.dll
0x00007ffdc2da0000 - 0x00007ffdc2dc9000 	C:\WINDOWS\System32\GDI32.dll
0x00007ffdb8620000 - 0x00007ffdb88b2000 	C:\WINDOWS\WinSxS\amd64_microsoft.windows.common-controls_6595b64144ccf1df_6.0.22621.4541_none_2710d1c57384c085\COMCTL32.dll
0x00007ffdc2a10000 - 0x00007ffdc2b2b000 	C:\WINDOWS\System32\gdi32full.dll
0x00007ffdc4be0000 - 0x00007ffdc4c87000 	C:\WINDOWS\System32\msvcrt.dll
0x00007ffdc2100000 - 0x00007ffdc219a000 	C:\WINDOWS\System32\msvcp_win.dll
0x00007ffdc4ba0000 - 0x00007ffdc4bd1000 	C:\WINDOWS\System32\IMM32.DLL
0x00007ffdbbdf0000 - 0x00007ffdbbdfc000 	C:\Program Files\Android\Android Studio\jbr\bin\vcruntime140_1.dll
0x00007ffd5b530000 - 0x00007ffd5b5bd000 	C:\Program Files\Android\Android Studio\jbr\bin\msvcp140.dll
0x00007ffd1f7b0000 - 0x00007ffd20430000 	C:\Program Files\Android\Android Studio\jbr\bin\server\jvm.dll
0x00007ffdc49c0000 - 0x00007ffdc4a72000 	C:\WINDOWS\System32\ADVAPI32.dll
0x00007ffdc4d40000 - 0x00007ffdc4de7000 	C:\WINDOWS\System32\sechost.dll
0x00007ffdc27c0000 - 0x00007ffdc27e8000 	C:\WINDOWS\System32\bcrypt.dll
0x00007ffdc4a80000 - 0x00007ffdc4b94000 	C:\WINDOWS\System32\RPCRT4.dll
0x00007ffda7a70000 - 0x00007ffda7a79000 	C:\WINDOWS\SYSTEM32\WSOCK32.dll
0x00007ffdc3c80000 - 0x00007ffdc3cf1000 	C:\WINDOWS\System32\WS2_32.dll
0x00007ffdbcb60000 - 0x00007ffdbcb94000 	C:\WINDOWS\SYSTEM32\WINMM.dll
0x00007ffdb9f00000 - 0x00007ffdb9f0a000 	C:\WINDOWS\SYSTEM32\VERSION.dll
0x00007ffdc11e0000 - 0x00007ffdc11f8000 	C:\WINDOWS\SYSTEM32\kernel.appcore.dll
0x00007ffdb97f0000 - 0x00007ffdb97fa000 	C:\Program Files\Android\Android Studio\jbr\bin\jimage.dll
0x00007ffdba2d0000 - 0x00007ffdba502000 	C:\WINDOWS\SYSTEM32\DBGHELP.DLL
0x00007ffdc4450000 - 0x00007ffdc47df000 	C:\WINDOWS\System32\combase.dll
0x00007ffdc47e0000 - 0x00007ffdc48b7000 	C:\WINDOWS\System32\OLEAUT32.dll
0x00007ffdba290000 - 0x00007ffdba2c2000 	C:\WINDOWS\SYSTEM32\dbgcore.DLL
0x00007ffdc2740000 - 0x00007ffdc27bb000 	C:\WINDOWS\System32\bcryptPrimitives.dll
0x00007ffd9ff50000 - 0x00007ffd9ff75000 	C:\Program Files\Android\Android Studio\jbr\bin\java.dll
0x00007ffdadd10000 - 0x00007ffdadd28000 	C:\Program Files\Android\Android Studio\jbr\bin\zip.dll
0x00007ffdc2dd0000 - 0x00007ffdc3648000 	C:\WINDOWS\System32\SHELL32.dll
0x00007ffdc0040000 - 0x00007ffdc0948000 	C:\WINDOWS\SYSTEM32\windows.storage.dll
0x00007ffdbff00000 - 0x00007ffdc003f000 	C:\WINDOWS\SYSTEM32\wintypes.dll
0x00007ffdc48c0000 - 0x00007ffdc49ba000 	C:\WINDOWS\System32\SHCORE.dll
0x00007ffdc4380000 - 0x00007ffdc43de000 	C:\WINDOWS\System32\shlwapi.dll
0x00007ffdc2030000 - 0x00007ffdc205b000 	C:\WINDOWS\SYSTEM32\profapi.dll
0x00007ffd9ff30000 - 0x00007ffd9ff49000 	C:\Program Files\Android\Android Studio\jbr\bin\net.dll
0x00007ffdbe1f0000 - 0x00007ffdbe326000 	C:\WINDOWS\SYSTEM32\WINHTTP.dll
0x00007ffdc16b0000 - 0x00007ffdc1719000 	C:\WINDOWS\system32\mswsock.dll
0x00007ffd9ff10000 - 0x00007ffd9ff26000 	C:\Program Files\Android\Android Studio\jbr\bin\nio.dll
0x00007ffdae020000 - 0x00007ffdae030000 	C:\Program Files\Android\Android Studio\jbr\bin\verify.dll
0x00007ffdacab0000 - 0x00007ffdacad7000 	C:\Users\vivob\.gradle\native\c067742578af261105cb4f569cf0c3c89f3d7b1fecec35dd04571415982c5e48\windows-amd64\native-platform.dll
0x00007ffd6f800000 - 0x00007ffd6f944000 	C:\Users\vivob\.gradle\native\38dada09dfb8b06ba9b0570ebf7e218e3eb74d4ef43ca46872605cf95ebc2f47\windows-amd64\native-platform-file-events.dll
0x00007ffdbbb20000 - 0x00007ffdbbb29000 	C:\Program Files\Android\Android Studio\jbr\bin\management.dll
0x00007ffdbbb10000 - 0x00007ffdbbb1b000 	C:\Program Files\Android\Android Studio\jbr\bin\management_ext.dll
0x00007ffdc2d60000 - 0x00007ffdc2d68000 	C:\WINDOWS\System32\PSAPI.DLL
0x00007ffdc1900000 - 0x00007ffdc191b000 	C:\WINDOWS\SYSTEM32\CRYPTSP.dll
0x00007ffdc1110000 - 0x00007ffdc1145000 	C:\WINDOWS\system32\rsaenh.dll
0x00007ffdc17a0000 - 0x00007ffdc17c8000 	C:\WINDOWS\SYSTEM32\USERENV.dll
0x00007ffdc1920000 - 0x00007ffdc192c000 	C:\WINDOWS\SYSTEM32\CRYPTBASE.dll
0x00007ffdc0bb0000 - 0x00007ffdc0bdd000 	C:\WINDOWS\SYSTEM32\IPHLPAPI.DLL
0x00007ffdc3d00000 - 0x00007ffdc3d09000 	C:\WINDOWS\System32\NSI.dll
0x00007ffdbcdd0000 - 0x00007ffdbcde9000 	C:\WINDOWS\SYSTEM32\dhcpcsvc6.DLL
0x00007ffdbcd90000 - 0x00007ffdbcdaf000 	C:\WINDOWS\SYSTEM32\dhcpcsvc.DLL
0x00007ffdc0be0000 - 0x00007ffdc0ce2000 	C:\WINDOWS\SYSTEM32\DNSAPI.dll
0x00007ffd530a0000 - 0x00007ffd530a8000 	C:\WINDOWS\system32\wshunix.dll
0x00007ffdbcdc0000 - 0x00007ffdbcdca000 	C:\Windows\System32\rasadhlp.dll
0x00007ffdba840000 - 0x00007ffdba8c3000 	C:\WINDOWS\System32\fwpuclnt.dll

dbghelp: loaded successfully - version: 4.0.5 - missing functions: none
symbol engine: initialized successfully - sym options: 0x614 - pdb path: .;C:\Program Files\Android\Android Studio\jbr\bin;C:\WINDOWS\SYSTEM32;C:\WINDOWS\WinSxS\amd64_microsoft.windows.common-controls_6595b64144ccf1df_6.0.22621.4541_none_2710d1c57384c085;C:\Program Files\Android\Android Studio\jbr\bin\server;C:\Users\vivob\.gradle\native\c067742578af261105cb4f569cf0c3c89f3d7b1fecec35dd04571415982c5e48\windows-amd64;C:\Users\vivob\.gradle\native\38dada09dfb8b06ba9b0570ebf7e218e3eb74d4ef43ca46872605cf95ebc2f47\windows-amd64

VM Arguments:
jvm_args: --add-opens=java.base/java.util=ALL-UNNAMED --add-opens=java.base/java.lang=ALL-UNNAMED --add-opens=java.base/java.lang.invoke=ALL-UNNAMED --add-opens=java.prefs/java.util.prefs=ALL-UNNAMED --add-opens=java.base/java.nio.charset=ALL-UNNAMED --add-opens=java.base/java.net=ALL-UNNAMED --add-opens=java.base/java.util.concurrent.atomic=ALL-UNNAMED -Xmx4G -Dfile.encoding=windows-1252 -Duser.country=US -Duser.language=en -Duser.variant 
java_command: org.gradle.launcher.daemon.bootstrap.GradleDaemon 7.6.3
java_class_path (initial): C:\Users\vivob\.gradle\wrapper\dists\gradle-7.6.3-all\aocdy2d2z8kodnny3rsumj8i8\gradle-7.6.3\lib\gradle-launcher-7.6.3.jar
Launcher Type: SUN_STANDARD

[Global flags]
     intx CICompilerCount                          = 4                                         {product} {ergonomic}
     uint ConcGCThreads                            = 2                                         {product} {ergonomic}
     uint G1ConcRefinementThreads                  = 8                                         {product} {ergonomic}
   size_t G1HeapRegionSize                         = 2097152                                   {product} {ergonomic}
    uintx GCDrainStackTargetSize                   = 64                                        {product} {ergonomic}
   size_t InitialHeapSize                          = 130023424                                 {product} {ergonomic}
   size_t MarkStackSize                            = 4194304                                   {product} {ergonomic}
   size_t MaxHeapSize                              = 4294967296                                {product} {command line}
   size_t MaxNewSize                               = 2575302656                                {product} {ergonomic}
   size_t MinHeapDeltaBytes                        = 2097152                                   {product} {ergonomic}
   size_t MinHeapSize                              = 8388608                                   {product} {ergonomic}
    uintx NonNMethodCodeHeapSize                   = 5839372                                {pd product} {ergonomic}
    uintx NonProfiledCodeHeapSize                  = 122909434                              {pd product} {ergonomic}
    uintx ProfiledCodeHeapSize                     = 122909434                              {pd product} {ergonomic}
    uintx ReservedCodeCacheSize                    = 251658240                              {pd product} {ergonomic}
     bool SegmentedCodeCache                       = true                                      {product} {ergonomic}
   size_t SoftMaxHeapSize                          = 4294967296                             {manageable} {ergonomic}
     bool UseCompressedClassPointers               = true                           {product lp64_product} {ergonomic}
     bool UseCompressedOops                        = true                           {product lp64_product} {ergonomic}
     bool UseG1GC                                  = true                                      {product} {ergonomic}
     bool UseLargePagesIndividualAllocation        = false                                  {pd product} {ergonomic}

Logging:
Log output configuration:
 #0: stdout all=warning uptime,level,tags
 #1: stderr all=off uptime,level,tags

Environment Variables:
JAVA_HOME=C:\Program Files\Android\Android Studio\jbr
CLASSPATH=C:\src\latihanfirebase\android\\gradle\wrapper\gradle-wrapper.jar
PATH=C:\Program Files\Android\Android Studio\jbr\bin;C:\src\flutter\bin\;C:\Program Files\Common Files\Oracle\Java\javapath;C:\WINDOWS\system32;C:\WINDOWS;C:\WINDOWS\System32\Wbem;C:\WINDOWS\System32\WindowsPowerShell\v1.0\;C:\WINDOWS\System32\OpenSSH\;C:\ProgramData\ComposerSetup\bin;C:\xampp\php-7.4;C:\Program Files\Git\cmd;C:\Program Files (x86)\Windows Kits\10\Windows Performance Toolkit\;C:\src\flutter\bin;C:\Program Files\nodejs\;C:\Users\vivob\AppData\Local\Programs\Python\Python313\Scripts\;C:\Users\vivob\AppData\Local\Programs\Python\Python313\;C:\Users\vivob\AppData\Local\Programs\Python\Python312\Scripts\;C:\Users\vivob\AppData\Local\Programs\Python\Python312\;C:\Users\vivob\AppData\Local\Programs\Python\Python311\Scripts\;C:\Users\vivob\AppData\Local\Programs\Python\Python311\;C:\Users\vivob\AppData\Local\Microsoft\WindowsApps;C:\Users\vivob\AppData\Roaming\Composer\vendor\bin;C:\laragon\bin\php\php-8.1.10-Win32-vs16-x64;C:\Users\vivob\AppData\Local\Programs\Microsoft VS Code\bin;C:\src\flutter\bin;C:\Users\vivob\AppData\Roaming\Composer\vendor\bin;C:\Users\vivob\AppData\Roaming\npm;C:\Users\vivob\AppData\Roaming\npm;C:\Users\vivob\AppData\Local\Pub\Cache\bin;;C:\src\flutter\bin\mingit\cmd
USERNAME=vivob
LANG=en_US.UTF-8
OS=Windows_NT
PROCESSOR_IDENTIFIER=Intel64 Family 6 Model 140 Stepping 1, GenuineIntel
TMP=C:\Users\vivob\AppData\Local\Temp
TEMP=C:\Users\vivob\AppData\Local\Temp


JNI global refs:
JNI global refs: 27, weak refs: 45

JNI global refs memory usage: 843, weak refs: 841

OOME stack traces (most recent first):
Classloader memory used:
Loader org.gradle.internal.classloader.VisitableURLClassLoader                         : 11003K
Loader bootstrap                                                                       : 3733K
Loader org.gradle.internal.classloader.VisitableURLClassLoader                         : 2347K
Loader org.gradle.initialization.MixInLegacyTypesClassLoader                           : 1514K
Loader jdk.internal.loader.ClassLoaders$PlatformClassLoader                            : 100K
Loader jdk.internal.reflect.DelegatingClassLoader                                      : 49882B
Loader jdk.internal.jrtfs.JrtFileSystemProvider$JrtFsLoader                            : 42092B
Loader org.gradle.groovy.scripts.internal.DefaultScriptCompilationHandler$ScriptClassLoader: 26888B
Loader org.codehaus.groovy.runtime.callsite.CallSiteClassLoader                        : 26539B
Loader jdk.internal.loader.ClassLoaders$AppClassLoader                                 : 26015B
Loader sun.reflect.misc.MethodUtil                                                     : 373B


[error occurred during error reporting (Classloader stats), id 0xe0000001, Out of Memory Error (s\src\hotspot\share\memory\arena.cpp:78)]


---------------  S Y S T E M  ---------------

OS:
 Windows 11 , 64 bit Build 22621 (10.0.22621.4391)
OS uptime: 0 days 0:32 hours

CPU: total 8 (initial active 8) (4 cores per cpu, 2 threads per core) family 6 model 140 stepping 1 microcode 0x86, cx8, cmov, fxsr, ht, mmx, 3dnowpref, sse, sse2, sse3, ssse3, sse4.1, sse4.2, popcnt, lzcnt, tsc, tscinvbit, avx, avx2, aes, erms, clmul, bmi1, bmi2, adx, avx512f, avx512dq, avx512cd, avx512bw, avx512vl, sha, fma, vzeroupper, avx512_vpopcntdq, avx512_vpclmulqdq, avx512_vaes, avx512_vnni, clflush, clflushopt, clwb, avx512_vbmi2, avx512_vbmi

Memory: 4k page, system-wide physical 7885M (528M free)
TotalPageFile size 11885M (AvailPageFile size 4M)
current process WorkingSet (physical memory assigned to process): 592M, peak: 592M
current process commit charge ("private bytes"): 792M, peak: 793M

vm_info: OpenJDK 64-Bit Server VM (17.0.7+0-b2043.56-10550314) for windows-amd64 JRE (17.0.7+0-b2043.56-10550314), built on Jul 24 2023 18:27:45 by "androidbuild" with MS VC++ 16.10 / 16.11 (VS2019)

END.
